==5581== Memcheck, a memory error detector
==5581== Copyright (C) 2002-2011, and GNU GPL'd, by Julian Seward et al.
==5581== Using Valgrind-3.7.0 and LibVEX; rerun with -h for copyright info
==5581== Command: ./main 3 271
==5581== Parent PID: 5580
==5581== 
--5581-- 
--5581-- Valgrind options:
--5581--    --suppressions=/usr/lib/valgrind/debian-libc6-dbg.supp
--5581--    -v
--5581--    --leak-check=full
--5581--    --track-origins=yes
--5581--    --log-file=valgrind.log
--5581-- Contents of /proc/version:
--5581--   Linux version 3.2.0-38-generic (buildd@akateko) (gcc version 4.6.3 (Ubuntu/Linaro 4.6.3-1ubuntu5) ) #61-Ubuntu SMP Tue Feb 19 12:18:21 UTC 2013
--5581-- Arch and hwcaps: AMD64, amd64-sse3-cx16
--5581-- Page sizes: currently 4096, max supported 4096
--5581-- Valgrind library directory: /usr/lib/valgrind
--5581-- Reading syms from /home/yyang/workspace/github/bplustree/main (0x400000)
--5581-- Reading syms from /lib/x86_64-linux-gnu/ld-2.15.so (0x4000000)
--5581--   Considering /lib/x86_64-linux-gnu/ld-2.15.so ..
--5581--   .. CRC mismatch (computed 5dfd6448 wanted 0e0290cc)
--5581--   Considering /usr/lib/debug/lib/x86_64-linux-gnu/ld-2.15.so ..
--5581--   .. CRC is valid
--5581-- Reading syms from /usr/lib/valgrind/memcheck-amd64-linux (0x38000000)
--5581--   Considering /usr/lib/valgrind/memcheck-amd64-linux ..
--5581--   .. CRC mismatch (computed fd32bc40 wanted 1b1bde8c)
--5581--    object doesn't have a symbol table
--5581--    object doesn't have a dynamic symbol table
--5581-- Reading suppressions file: /usr/lib/valgrind/debian-libc6-dbg.supp
--5581-- Reading suppressions file: /usr/lib/valgrind/default.supp
==5581== embedded gdbserver: reading from /tmp/vgdb-pipe-from-vgdb-to-5581-by-yyang-on-???
==5581== embedded gdbserver: writing to   /tmp/vgdb-pipe-to-vgdb-from-5581-by-yyang-on-???
==5581== embedded gdbserver: shared mem   /tmp/vgdb-pipe-shared-mem-vgdb-5581-by-yyang-on-???
==5581== 
==5581== TO CONTROL THIS PROCESS USING vgdb (which you probably
==5581== don't want to do, unless you know exactly what you're doing,
==5581== or are doing some strange experiment):
==5581==   /usr/lib/valgrind/../../bin/vgdb --pid=5581 ...command...
==5581== 
==5581== TO DEBUG THIS PROCESS USING GDB: start GDB like this
==5581==   /path/to/gdb ./main
==5581== and then give GDB the following command
==5581==   target remote | /usr/lib/valgrind/../../bin/vgdb --pid=5581
==5581== --pid is optional if only one valgrind process is running
==5581== 
--5581-- REDIR: 0x40189e0 (strlen) redirected to 0x380625c7 (???)
--5581-- Reading syms from /usr/lib/valgrind/vgpreload_core-amd64-linux.so (0x4a25000)
--5581--   Considering /usr/lib/valgrind/vgpreload_core-amd64-linux.so ..
--5581--   .. CRC mismatch (computed 8f05ac98 wanted c6d0ab1a)
--5581--    object doesn't have a symbol table
--5581-- Reading syms from /usr/lib/valgrind/vgpreload_memcheck-amd64-linux.so (0x4c27000)
--5581--   Considering /usr/lib/valgrind/vgpreload_memcheck-amd64-linux.so ..
--5581--   .. CRC mismatch (computed fc059af4 wanted ffc668e8)
--5581--    object doesn't have a symbol table
--5581-- REDIR: 0x4018850 (index) redirected to 0x4c2bc60 (index)
--5581-- REDIR: 0x40188d0 (strcmp) redirected to 0x4c2cc20 (strcmp)
--5581-- Reading syms from /lib/x86_64-linux-gnu/libc-2.15.so (0x4e32000)
--5581--   Considering /lib/x86_64-linux-gnu/libc-2.15.so ..
--5581--   .. CRC mismatch (computed 0d30c072 wanted 25577e9f)
--5581--   Considering /usr/lib/debug/lib/x86_64-linux-gnu/libc-2.15.so ..
--5581--   .. CRC is valid
--5581-- REDIR: 0x4ebeb70 (strcasecmp) redirected to 0x4a25610 (_vgnU_ifunc_wrapper)
--5581-- REDIR: 0x4ebaf10 (strnlen) redirected to 0x4a25610 (_vgnU_ifunc_wrapper)
--5581-- REDIR: 0x4ec0e40 (strncasecmp) redirected to 0x4a25610 (_vgnU_ifunc_wrapper)
--5581-- REDIR: 0x4ebc900 (__GI_strrchr) redirected to 0x4c2ba80 (__GI_strrchr)
--5581-- REDIR: 0x4ebade0 (strlen) redirected to 0x4a25610 (_vgnU_ifunc_wrapper)
--5581-- REDIR: 0x4f95230 (__strlen_sse2_pminub) redirected to 0x4c2bfa0 (strlen)
--5581-- REDIR: 0x4eb4c20 (malloc) redirected to 0x4c2b660 (malloc)
--5581-- REDIR: 0x4ebd950 (memset) redirected to 0x4a25610 (_vgnU_ifunc_wrapper)
--5581-- REDIR: 0x4ebd990 (__GI_memset) redirected to 0x4c2e080 (memset)
--5581-- REDIR: 0x4ebae30 (__GI_strlen) redirected to 0x4c2bfc0 (__GI_strlen)
--5581-- REDIR: 0x4ec4a40 (strchrnul) redirected to 0x4c2e3b0 (strchrnul)
--5581-- REDIR: 0x4eb5230 (free) redirected to 0x4c2a7c0 (free)
--5581-- REDIR: 0x4eba780 (strcpy) redirected to 0x4a25610 (_vgnU_ifunc_wrapper)
--5581-- REDIR: 0x4ec8d10 (__strcpy_sse2_unaligned) redirected to 0x4c2bfe0 (strcpy)
--5581-- REDIR: 0x4ebd330 (bcmp) redirected to 0x4a25610 (_vgnU_ifunc_wrapper)
--5581-- REDIR: 0x4f8fb60 (__memcmp_sse4_1) redirected to 0x4c2dca0 (bcmp)
==5581== 
==5581== HEAP SUMMARY:
==5581==     in use at exit: 0 bytes in 0 blocks
==5581==   total heap usage: 321 allocs, 321 frees, 18,680 bytes allocated
==5581== 
==5581== All heap blocks were freed -- no leaks are possible
==5581== 
==5581== ERROR SUMMARY: 0 errors from 0 contexts (suppressed: 2 from 2)
--5581-- 
--5581-- used_suppression:      2 dl-hack3-cond-1
==5581== 
==5581== ERROR SUMMARY: 0 errors from 0 contexts (suppressed: 2 from 2)
