55554 1,leaf,

6108 2,non-leaf,

608 22,non-leaf,

58 222,non-leaf,

4 2222,non-leaf,

1 5464,leaf,

1 5628,leaf,

1 4730,leaf,

1 1632,non-leaf,

1 3953,leaf,

1 528,leaf,

1 958,leaf,

1 3367,non-leaf,

1 5566,leaf,

1 203,leaf,

1 3409,leaf,

1 819,leaf,

1 5122,non-leaf,

1 3088,non-leaf,

1 226,leaf,

1 2139,leaf,

1 821,leaf,

1 158,leaf,

1 1033,non-leaf,

1 3562,leaf,

1 886,leaf,

1 2672,leaf,

1 5849,leaf,

1 2231,leaf,

1 492,leaf,

1 5735,leaf,

1 2497,leaf,

1 1822,leaf,

1 2016,leaf,

1 4447,leaf,

1 2381,leaf,

1 2616,leaf,

1 4300,leaf,

1 1795,leaf,

1 3633,non-leaf,

1 2966,non-leaf,

1 1284,leaf,

1 1499,non-leaf,

1 3552,leaf,

1 4208,leaf,

1 6081,leaf,

1 29,leaf,

1 969,leaf,

1 245,non-leaf,

1 411,non-leaf,

1 3402,leaf,

1 3517,leaf,

1 849,leaf,

1 5033,non-leaf,

1 6151,leaf,

1 1488,non-leaf,

1 1236,leaf,

1 4366,non-leaf,

1 3171,leaf,

1 3163,leaf,

1 3883,leaf,

1 4975,leaf,

1 1320,leaf,

1 4297,leaf,

1 2568,leaf,

1 5922,non-leaf,

1 1474,leaf,

1 3870,leaf,

1 671,leaf,

1 3930,leaf,

1 695,leaf,

1 1546,leaf,

1 3233,non-leaf,

1 2925,leaf,

1 1552,leaf,

1 596,leaf,

1 1198,leaf,

1 238,leaf,

1 3496,leaf,

1 4591,leaf,

1 1901,leaf,

1 4455,leaf,

1 840,leaf,

1 2027,leaf,

1 2316,leaf,

1 2570,leaf,

1 4473,leaf,

1 5200,leaf,

1 5283,leaf,

1 2179,leaf,

1 4502,leaf,

1 2735,leaf,

1 4829,leaf,

1 104,leaf,

1 102,leaf,

1 3116,leaf,

1 4010,leaf,

1 4239,leaf,

1 204,leaf,

1 1993,leaf,

1 1829,leaf,

1 1892,leaf,

1 2712,leaf,

1 4749,leaf,

1 5650,leaf,

1 3471,leaf,

1 830,leaf,

1 815,leaf,

1 2080,leaf,

1 5869,leaf,

1 5930,leaf,

1 229,leaf,

1 875,leaf,

1 3434,leaf,

1 6080,leaf,

1 348,leaf,

1 2658,leaf,

1 4822,non-leaf,

1 2829,leaf,

1 921,leaf,

1 7,leaf,

1 898,leaf,

1 3638,leaf,

1 506,leaf,

1 4250,leaf,

1 1923,leaf,

1 5227,leaf,

1 1570,leaf,

1 681,leaf,

1 2605,leaf,

1 626,leaf,

1 1225,leaf,

1 2284,leaf,

1 2478,non-leaf,

1 232,leaf,

1 3596,leaf,

1 3090,leaf,

1 5138,leaf,

1 6077,non-leaf,

1 4176,leaf,

1 1131,leaf,

1 169,leaf,

1 5414,leaf,

1 546,leaf,

1 1191,leaf,

1 5950,leaf,

1 1435,leaf,

1 2074,leaf,

1 6126,leaf,

1 3109,leaf,

1 2403,leaf,

1 5053,leaf,

1 4861,leaf,

1 2093,leaf,

1 4995,leaf,

1 920,leaf,

1 4554,leaf,

1 5567,non-leaf,

1 822,non-leaf,

1 1900,leaf,

1 1828,leaf,

1 6011,non-leaf,

1 4114,leaf,

1 1558,leaf,

1 267,non-leaf,

1 2610,leaf,

1 2034,leaf,

1 1392,leaf,

1 423,leaf,

1 443,leaf,

1 6058,leaf,

1 2477,leaf,

1 6168,leaf,

1 2950,leaf,

1 3691,leaf,

1 213,leaf,

1 1929,leaf,

1 2493,leaf,

1 3975,leaf,

1 5853,leaf,

1 33,leaf,

1 2824,leaf,

1 722,non-leaf,

1 3791,leaf,

1 2136,leaf,

1 1942,leaf,

1 6037,leaf,

1 1498,leaf,

1 4337,leaf,

1 1605,leaf,

1 2644,non-leaf,

1 1413,leaf,

1 359,leaf,

1 1551,leaf,

1 914,leaf,

1 1365,leaf,

1 4706,leaf,

1 1104,leaf,

1 5307,leaf,

1 1726,leaf,

1 4497,leaf,

1 968,leaf,

1 6107,leaf,

1 5837,leaf,

1 1026,leaf,

1 2117,leaf,

1 4235,leaf,

1 3618,leaf,

1 690,leaf,

1 4544,non-leaf,

1 3757,leaf,

1 3419,leaf,

1 1562,leaf,

1 2914,leaf,

1 2186,leaf,

1 1180,leaf,

1 4219,leaf,

1 3828,leaf,

1 5640,leaf,

1 4639,leaf,

1 5462,leaf,

1 1586,leaf,

1 5052,leaf,

1 5796,leaf,

1 5009,leaf,

1 3589,non-leaf,

1 1355,non-leaf,

1 2806,leaf,

1 899,leaf,

1 3398,leaf,

1 4296,leaf,

1 2157,leaf,

1 3080,leaf,

1 638,leaf,

1 2801,leaf,

1 1298,leaf,

1 1855,leaf,

1 366,leaf,

1 2594,leaf,

1 913,leaf,

1 5361,leaf,

1 2239,leaf,

1 1509,leaf,

1 2625,leaf,

1 5266,non-leaf,

1 1767,leaf,

1 2574,leaf,

1 3852,leaf,

1 5152,leaf,

1 2604,leaf,

1 2044,leaf,

1 1931,leaf,

1 3955,non-leaf,

1 3433,non-leaf,

1 5821,leaf,

1 4185,leaf,

1 2105,leaf,

1 3575,leaf,

1 4643,leaf,

1 1790,leaf,

1 1004,leaf,

1 4946,leaf,

1 3161,leaf,

1 6020,leaf,

1 1860,leaf,

1 3391,leaf,

1 6050,leaf,

1 4404,leaf,

1 3344,leaf,

1 3710,leaf,

1 4045,leaf,

1 4320,leaf,

1 3579,leaf,

1 6047,leaf,

1 5242,leaf,

1 2228,leaf,

1 1732,non-leaf,

1 4561,leaf,

1 442,leaf,

1 2081,leaf,

1 283,leaf,

1 4356,leaf,

1 972,leaf,

1 5153,leaf,

1 3383,leaf,

1 4635,leaf,

1 1110,non-leaf,

1 3630,leaf,

1 5312,leaf,

1 1467,leaf,

1 5507,leaf,

1 5124,leaf,

1 6024,leaf,

1 2104,leaf,

1 4787,leaf,

1 5325,leaf,

1 1195,leaf,

1 4791,leaf,

1 3418,leaf,

1 2943,leaf,

1 1603,leaf,

1 2907,leaf,

1 1178,leaf,

1 40,leaf,

1 5298,leaf,

1 3695,leaf,

1 5911,non-leaf,

1 156,leaf,

1 4280,leaf,

1 3143,leaf,

1 457,leaf,

1 1340,leaf,

1 1652,leaf,

1 2720,leaf,

1 1662,leaf,

1 2219,leaf,

1 5870,leaf,

1 1377,non-leaf,

1 3598,leaf,

1 1679,leaf,

1 3847,leaf,

1 5941,leaf,

1 4684,leaf,

1 140,leaf,

1 3951,leaf,

1 788,leaf,

1 4242,leaf,

1 2534,leaf,

1 133,non-leaf,

1 566,leaf,

1 1747,leaf,

1 4097,leaf,

1 1025,leaf,

1 37,leaf,

1 2834,leaf,

1 3663,leaf,

1 1656,leaf,

1 3246,leaf,

1 3977,non-leaf,

1 857,leaf,

1 3134,leaf,

1 3222,non-leaf,

1 3160,leaf,

1 3208,leaf,

1 4642,leaf,

1 3298,leaf,

1 2325,leaf,

1 639,leaf,

1 1762,leaf,

1 2129,leaf,

1 2492,leaf,

1 5965,leaf,

1 5424,leaf,

1 1944,leaf,

1 2243,leaf,

1 2762,leaf,

1 5249,leaf,

1 6062,leaf,

1 1877,leaf,

1 4518,leaf,

1 3599,leaf,

1 1418,leaf,

1 4763,leaf,

1 4313,leaf,

1 1309,leaf,

1 1730,leaf,

1 1016,leaf,

1 4740,leaf,

1 3149,leaf,

1 928,leaf,

1 1949,leaf,

1 1181,leaf,

1 2535,leaf,

1 1297,leaf,

1 984,leaf,

1 1783,leaf,

1 5371,leaf,

1 1963,leaf,

1 6147,leaf,

1 1455,non-leaf,

1 1772,leaf,

1 4896,leaf,

1 4104,leaf,

1 2036,leaf,

1 186,leaf,

1 2876,leaf,

1 5175,leaf,

1 2368,leaf,

1 6101,leaf,

1 6015,leaf,

1 3006,leaf,

1 3113,leaf,

1 1205,leaf,

1 5470,leaf,

1 2463,leaf,

1 3906,leaf,

1 2926,leaf,

1 891,leaf,

1 881,leaf,

1 3964,leaf,

1 241,leaf,

1 5615,leaf,

1 3872,leaf,

1 2251,leaf,

1 1886,leaf,

1 948,leaf,

1 3886,leaf,

1 1389,leaf,

1 416,leaf,

1 792,leaf,

1 3514,leaf,

1 1782,leaf,

1 5824,leaf,

1 4667,non-leaf,

1 5479,leaf,

1 5801,leaf,

1 4938,leaf,

1 2957,leaf,

1 3505,leaf,

1 1489,leaf,

1 2869,leaf,

1 553,leaf,

1 5750,leaf,

1 5058,leaf,

1 5248,leaf,

1 4042,leaf,

1 5855,non-leaf,

1 1179,leaf,

1 1667,leaf,

1 2575,leaf,

1 4770,leaf,

1 5860,leaf,

1 155,non-leaf,

1 725,leaf,

1 5809,leaf,

1 435,leaf,

1 5316,leaf,

1 3573,leaf,

1 2421,leaf,

1 1627,leaf,

1 1729,leaf,

1 3282,leaf,

1 5914,leaf,

1 4024,leaf,

1 522,non-leaf,

1 1617,leaf,

1 4003,leaf,

1 382,leaf,

1 6038,leaf,

1 5691,leaf,

1 1327,leaf,

1 2250,leaf,

1 4109,leaf,

1 1186,leaf,

1 6014,leaf,

1 4980,leaf,

1 3027,leaf,

1 2169,leaf,

1 2915,leaf,

1 5016,leaf,

1 5790,leaf,

1 306,leaf,

1 6016,leaf,

1 3030,leaf,

1 5608,leaf,

1 2974,leaf,

1 1265,leaf,

1 4066,non-leaf,

1 5257,leaf,

1 795,leaf,

1 2784,leaf,

1 5570,leaf,

1 5077,non-leaf,

1 324,leaf,

1 2372,leaf,

1 3646,leaf,

1 1965,non-leaf,

1 5667,non-leaf,

1 46,leaf,

1 3097,leaf,

1 643,leaf,

1 1482,leaf,

1 3437,leaf,

1 876,leaf,

1 2196,leaf,

1 115,leaf,

1 5028,leaf,

1 4545,leaf,

1 5290,leaf,

1 3995,leaf,

1 4211,leaf,

1 2264,leaf,

1 3440,leaf,

1 863,leaf,

1 4471,leaf,

1 764,leaf,

1 3860,leaf,

1 5673,leaf,

1 5726,leaf,

1 4463,leaf,

1 5478,leaf,

1 3412,leaf,

1 1994,leaf,

1 2218,leaf,

1 2657,leaf,

1 3918,leaf,

1 5778,non-leaf,

1 1511,leaf,

1 5235,leaf,

1 3540,leaf,

1 1624,leaf,

1 2541,leaf,

1 2327,leaf,

1 582,leaf,

1 426,leaf,

1 1397,leaf,

1 4146,leaf,

1 1381,leaf,

1 631,leaf,

1 621,leaf,

1 3451,leaf,

1 850,leaf,

1 2373,leaf,

1 2432,leaf,

1 1374,leaf,

1 405,leaf,

1 3218,leaf,

1 3772,leaf,

1 4924,leaf,

1 36,leaf,

1 3293,leaf,

1 1429,leaf,

1 3252,leaf,

1 2518,leaf,

1 1694,leaf,

1 1336,leaf,

1 447,leaf,

1 6055,non-leaf,

1 3759,leaf,

1 2263,leaf,

1 3861,leaf,

1 4212,leaf,

1 1126,leaf,

1 3885,leaf,

1 2468,leaf,

1 1393,leaf,

1 5477,non-leaf,

1 3368,leaf,

1 5994,leaf,

1 5302,leaf,

1 1760,leaf,

1 4596,leaf,

1 570,leaf,

1 6105,leaf,

1 5087,leaf,

1 295,leaf,

1 3124,leaf,

1 1451,leaf,

1 5330,leaf,

1 3792,leaf,

1 4451,leaf,

1 4602,leaf,

1 5687,leaf,

1 2361,leaf,

1 214,leaf,

1 4031,leaf,

1 3129,leaf,

1 1845,leaf,

1 70,leaf,

1 5623,leaf,

1 3541,leaf,

1 5048,leaf,

1 1883,leaf,

1 4220,leaf,

1 4254,leaf,

1 6057,leaf,

1 4264,leaf,

1 4636,leaf,

1 5555,non-leaf,

1 4897,leaf,

1 5982,leaf,

1 4227,leaf,

1 4096,leaf,

1 2456,non-leaf,

1 1961,leaf,

1 3543,leaf,

1 2202,leaf,

1 5129,leaf,

1 1681,leaf,

1 757,leaf,

1 659,leaf,

1 3085,leaf,

1 4289,leaf,

1 4964,leaf,

1 4186,leaf,

1 1161,leaf,

1 1171,leaf,

1 1817,leaf,

1 1253,leaf,

1 959,leaf,

1 5310,non-leaf,

1 6096,leaf,

1 3499,leaf,

1 184,leaf,

1 1058,leaf,

1 3577,leaf,

1 5399,non-leaf,

1 4761,leaf,

1 1219,leaf,

1 1233,non-leaf,

1 3182,leaf,

1 5348,leaf,

1 1585,leaf,

1 2366,leaf,

1 1199,non-leaf,

1 2441,leaf,

1 3678,non-leaf,

1 5888,non-leaf,

1 3081,leaf,

1 3017,leaf,

1 4089,leaf,

1 1054,leaf,

1 5029,leaf,

1 888,non-leaf,

1 3067,leaf,

1 2783,leaf,

1 5413,leaf,

1 3919,leaf,

1 1384,leaf,

1 4446,leaf,

1 542,leaf,

1 3021,leaf,

1 2669,leaf,

1 3833,non-leaf,

1 5217,leaf,

1 3761,leaf,

1 2097,leaf,

1 1791,leaf,

1 286,leaf,

1 3105,leaf,

1 709,leaf,

1 2901,leaf,

1 4116,leaf,

1 3685,leaf,

1 2037,leaf,

1 1329,leaf,

1 5560,leaf,

1 3406,leaf,

1 6028,leaf,

1 1916,leaf,

1 4361,leaf,

1 1520,leaf,

1 2451,leaf,

1 42,leaf,

1 2746,leaf,

1 3177,non-leaf,

1 2347,leaf,

1 903,leaf,

1 334,non-leaf,

1 1119,leaf,

1 1775,leaf,

1 2626,leaf,

1 2670,leaf,

1 1459,leaf,

1 4241,leaf,

1 1998,non-leaf,

1 1092,leaf,

1 2258,leaf,

1 282,leaf,

1 193,leaf,

1 3249,leaf,

1 279,leaf,

1 6171,leaf,

1 3774,leaf,

1 4091,leaf,

1 310,leaf,

1 2856,leaf,

1 2444,non-leaf,

1 859,leaf,

1 3458,leaf,

1 2392,leaf,

1 1851,leaf,

1 107,leaf,

1 5777,non-leaf,

1 1196,leaf,

1 1328,leaf,

1 3728,leaf,

1 1776,non-leaf,

1 4133,non-leaf,

1 2584,leaf,

1 2555,non-leaf,

1 60,leaf,

1 5420,leaf,

1 1771,leaf,

1 6138,leaf,

1 2353,leaf,

1 3324,leaf,

1 4943,leaf,

1 1349,leaf,

1 3380,leaf,

1 4615,leaf,

1 1249,leaf,

1 4503,leaf,

1 2882,leaf,

1 4612,leaf,

1 2238,leaf,

1 5814,leaf,

1 5547,leaf,

1 3362,leaf,

1 1774,leaf,

1 1281,leaf,

1 3664,leaf,

1 4657,leaf,

1 5960,leaf,

1 2485,leaf,

1 5614,leaf,

1 5537,leaf,

1 5910,leaf,

1 1424,leaf,

1 4898,leaf,

1 1422,leaf,

1 5907,leaf,

1 1677,non-leaf,

1 3690,leaf,

1 5392,leaf,

1 5040,leaf,

1 5704,leaf,

1 3120,leaf,

1 178,leaf,

1 3186,leaf,

1 3479,leaf,

1 838,leaf,

1 4231,leaf,

1 4529,leaf,

1 4324,leaf,

1 3946,leaf,

1 2723,leaf,

1 2025,leaf,

1 1841,leaf,

1 4542,leaf,

1 2422,non-leaf,

1 19,leaf,

1 1256,leaf,

1 5708,leaf,

1 5089,leaf,

1 4672,leaf,

1 2639,leaf,

1 3617,leaf,

1 2600,non-leaf,

1 2931,leaf,

1 3268,leaf,

1 5984,leaf,

1 2837,leaf,

1 3963,leaf,

1 5662,leaf,

1 2821,leaf,

1 5372,leaf,

1 896,leaf,

1 142,leaf,

1 4866,non-leaf,

1 1876,non-leaf,

1 2766,non-leaf,

1 2682,leaf,

1 3243,leaf,

1 4563,leaf,

1 5989,leaf,

1 2722,non-leaf,

1 3760,leaf,

1 1400,leaf,

1 1280,leaf,

1 3059,leaf,

1 603,leaf,

1 1702,leaf,

1 6159,leaf,

1 1302,leaf,

1 3294,leaf,

1 3980,leaf,

1 3101,leaf,

1 5359,leaf,

1 1282,leaf,

1 475,leaf,

1 3197,leaf,

1 5865,leaf,

1 1623,leaf,

1 2548,leaf,

1 2800,non-leaf,

1 1870,leaf,

1 5177,non-leaf,

1 6132,leaf,

1 3056,leaf,

1 3901,leaf,

1 1053,leaf,

1 2759,leaf,

1 3735,leaf,

1 5842,leaf,

1 4420,leaf,

1 710,leaf,

1 2918,leaf,

1 2818,leaf,

1 2857,leaf,

1 2894,leaf,

1 592,leaf,

1 391,leaf,

1 3025,leaf,

1 3275,leaf,

1 4453,leaf,

1 4209,leaf,

1 4352,leaf,

1 2685,leaf,

1 4918,leaf,

1 3803,leaf,

1 4691,leaf,

1 2460,leaf,

1 4837,leaf,

1 4997,leaf,

1 4624,leaf,

1 4702,leaf,

1 3681,leaf,

1 4605,leaf,

1 5861,leaf,

1 345,non-leaf,

1 5839,leaf,

1 5887,leaf,

1 3467,non-leaf,

1 5915,leaf,

1 419,leaf,

1 1386,leaf,

1 2716,leaf,

1 2309,leaf,

1 4217,leaf,

1 4998,leaf,

1 2954,leaf,

1 1621,non-leaf,

1 2321,leaf,

1 5381,leaf,

1 980,leaf,

1 3604,leaf,

1 1471,leaf,

1 3485,leaf,

1 2039,leaf,

1 2654,leaf,

1 5083,leaf,

1 4620,leaf,

1 5225,leaf,

1 3665,leaf,

1 1031,leaf,

1 1497,leaf,

1 1143,leaf,

1 5609,leaf,

1 3176,leaf,

1 458,leaf,

1 4056,leaf,

1 698,leaf,

1 1128,leaf,

1 1243,leaf,

1 6009,leaf,

1 2887,leaf,

1 3979,leaf,

1 4203,leaf,

1 3832,leaf,

1 3656,leaf,

1 5781,leaf,

1 3777,non-leaf,

1 273,leaf,

1 5114,leaf,

1 2930,leaf,

1 5394,leaf,

1 1246,leaf,

1 1887,non-leaf,

1 5438,leaf,

1 4480,leaf,

1 4570,leaf,

1 4747,leaf,

1 5107,leaf,

1 389,non-leaf,

1 5173,leaf,

1 4782,leaf,

1 5725,leaf,

1 4845,leaf,

1 1213,leaf,

1 636,leaf,

1 557,leaf,

1 5978,leaf,

1 573,leaf,

1 5798,leaf,

1 3259,leaf,

1 2358,leaf,

1 5712,leaf,

1 5582,leaf,

1 26,leaf,

1 2229,leaf,

1 3780,leaf,

1 2696,leaf,

1 5954,leaf,

1 2425,leaf,

1 3098,leaf,

1 2473,leaf,

1 4062,leaf,

1 2627,leaf,

1 5702,leaf,

1 5832,leaf,

1 5956,leaf,

1 1989,leaf,

1 2921,leaf,

1 5828,leaf,

1 3386,leaf,

1 3308,leaf,

1 4262,leaf,

1 3742,leaf,

1 2408,leaf,

1 4894,leaf,

1 1635,leaf,

1 527,leaf,

1 1648,leaf,

1 1971,leaf,

1 1086,leaf,

1 1863,leaf,

1 302,leaf,

1 3051,leaf,

1 4751,leaf,

1 1840,leaf,

1 131,leaf,

1 605,leaf,

1 5980,leaf,

1 4175,leaf,

1 5926,leaf,

1 5419,leaf,

1 1222,non-leaf,

1 1310,non-leaf,

1 1272,leaf,

1 3844,non-leaf,

1 5404,leaf,

1 4346,leaf,

1 2019,leaf,

1 2676,leaf,

1 6112,leaf,

1 3018,leaf,

1 2987,leaf,

1 539,leaf,

1 6049,leaf,

1 5495,leaf,

1 4191,leaf,

1 4830,leaf,

1 3822,non-leaf,

1 5010,leaf,

1 5620,leaf,

1 5205,leaf,

1 2273,leaf,

1 1176,leaf,

1 2968,leaf,

1 278,non-leaf,

1 4758,leaf,

1 748,leaf,

1 3444,non-leaf,

1 5432,non-leaf,

1 4630,leaf,

1 5631,leaf,

1 491,leaf,

1 4855,non-leaf,

1 2324,leaf,

1 5380,leaf,

1 2280,leaf,

1 4584,leaf,

1 5601,leaf,

1 651,leaf,

1 1502,leaf,

1 3945,leaf,

1 2590,leaf,

1 4167,leaf,

1 4944,non-leaf,

1 3254,leaf,

1 4151,leaf,

1 5831,leaf,

1 4728,leaf,

1 4576,leaf,

1 5937,leaf,

1 2436,leaf,

1 2823,leaf,

1 5337,leaf,

1 1099,non-leaf,

1 4367,leaf,

1 2452,leaf,

1 732,leaf,

1 518,leaf,

1 5247,leaf,

1 4074,leaf,

1 3680,leaf,

1 2765,leaf,

1 1145,leaf,

1 2402,leaf,

1 4888,non-leaf,

1 5476,leaf,

1 6089,leaf,

1 337,leaf,

1 383,leaf,

1 313,leaf,

1 2023,leaf,

1 637,leaf,

1 1212,leaf,

1 946,leaf,

1 4859,leaf,

1 5917,leaf,

1 5112,leaf,

1 3393,leaf,

1 3079,leaf,

1 2065,non-leaf,

1 4429,leaf,

1 906,leaf,

1 3292,leaf,

1 4722,non-leaf,

1 5563,leaf,

1 1951,leaf,

1 1095,leaf,

1 1043,leaf,

1 1799,non-leaf,

1 3012,leaf,

1 347,leaf,

1 2906,leaf,

1 2938,leaf,

1 3453,leaf,

1 852,leaf,

1 4043,leaf,

1 1754,non-leaf,

1 2418,leaf,

1 4831,leaf,

1 3891,leaf,

1 5754,leaf,

1 1447,leaf,

1 3923,leaf,

1 3590,leaf,

1 5210,non-leaf,

1 152,leaf,

1 5808,leaf,

1 119,leaf,

1 2461,leaf,

1 3035,leaf,

1 4812,leaf,

1 315,leaf,

1 5588,leaf,

1 2852,leaf,

1 3948,leaf,

1 552,leaf,

1 4067,leaf,

1 1909,leaf,

1 5854,leaf,

1 4421,non-leaf,

1 1894,leaf,

1 2742,leaf,

1 2778,non-leaf,

1 5585,leaf,

1 3309,leaf,

1 21,leaf,

1 3469,leaf,

1 727,leaf,

1 2879,leaf,

1 6109,leaf,

1 4190,leaf,

1 5329,leaf,

1 1080,leaf,

1 1466,non-leaf,

1 1569,leaf,

1 2725,leaf,

1 5706,leaf,

1 6027,leaf,

1 1606,leaf,

1 4474,leaf,

1 924,leaf,

1 466,leaf,

1 1357,leaf,

1 1975,leaf,

1 4991,leaf,

1 231,leaf,

1 2406,leaf,

1 5360,leaf,

1 5968,leaf,

1 613,leaf,

1 5878,leaf,

1 2051,leaf,

1 1432,non-leaf,

1 6067,leaf,

1 2891,leaf,

1 4181,leaf,

1 4780,leaf,

1 5768,leaf,

1 5167,leaf,

1 4152,leaf,

1 3842,leaf,

1 3377,leaf,

1 6116,leaf,

1 1915,leaf,

1 1815,leaf,

1 4397,leaf,

1 28,leaf,

1 1531,leaf,

1 5677,leaf,

1 3826,leaf,

1 4439,leaf,

1 4423,leaf,

1 3289,leaf,

1 4716,leaf,

1 1105,leaf,

1 4931,leaf,

1 1655,leaf,

1 2935,leaf,

1 3267,leaf,

1 4162,leaf,

1 3536,leaf,

1 5078,leaf,

1 3706,leaf,

1 197,leaf,

1 3198,leaf,

1 3264,leaf,

1 594,leaf,

1 220,leaf,

1 5794,leaf,

1 532,leaf,

1 4127,leaf,

1 712,leaf,

1 3034,leaf,

1 4640,leaf,

1 1022,non-leaf,

1 2466,leaf,

1 1695,leaf,

1 768,leaf,

1 489,non-leaf,

1 4541,leaf,

1 250,leaf,

1 4762,leaf,

1 4553,leaf,

1 1533,leaf,

1 4044,non-leaf,

1 3916,leaf,

1 905,leaf,

1 2710,leaf,

1 1274,leaf,

1 4500,non-leaf,

1 3568,leaf,

1 2000,leaf,

1 6034,leaf,

1 2845,leaf,

1 1366,non-leaf,

1 1094,leaf,

1 5265,leaf,

1 4923,leaf,

1 2122,leaf,

1 4246,leaf,

1 64,leaf,

1 936,leaf,

1 5665,leaf,

1 5062,leaf,

1 34,non-leaf,

1 3234,leaf,

1 3032,leaf,

1 5643,leaf,

1 3966,non-leaf,

1 952,leaf,

1 4781,leaf,

1 5013,leaf,

1 3454,leaf,

1 5552,leaf,

1 5203,leaf,

1 3716,leaf,

1 4526,leaf,

1 5220,leaf,

1 5049,leaf,

1 3925,leaf,

1 2647,leaf,

1 6093,leaf,

1 5440,leaf,

1 1420,leaf,

1 5319,leaf,

1 103,leaf,

1 2145,leaf,

1 3643,leaf,

1 4382,leaf,

1 4966,non-leaf,

1 3523,leaf,

1 223,non-leaf,

1 4768,leaf,

1 3737,leaf,

1 3721,leaf,

1 3250,leaf,

1 6095,leaf,

1 3868,leaf,

1 4807,leaf,

1 3659,leaf,

1 4743,leaf,

1 5899,leaf,

1 3396,leaf,

1 818,leaf,

1 4606,leaf,

1 5020,leaf,

1 4025,leaf,

1 4754,leaf,

1 2100,leaf,

1 3131,leaf,

1 3835,leaf,

1 503,leaf,

1 4839,leaf,

1 2475,leaf,

1 1151,leaf,

1 5469,leaf,

1 4487,leaf,

1 4198,leaf,

1 5433,leaf,

1 2413,leaf,

1 2908,leaf,

1 2782,leaf,

1 1647,leaf,

1 3971,leaf,

1 1184,leaf,

1 2525,leaf,

1 2662,leaf,

1 4166,non-leaf,

1 2551,leaf,

1 1973,leaf,

1 2553,leaf,

1 5100,leaf,

1 4539,leaf,

1 5134,leaf,

1 311,non-leaf,

1 3607,leaf,

1 4662,leaf,

1 5366,non-leaf,

1 1708,leaf,

1 2467,non-leaf,

1 352,leaf,

1 3271,leaf,

1 5409,leaf,

1 5504,leaf,

1 2180,leaf,

1 1588,non-leaf,

1 4689,non-leaf,

1 2828,leaf,

1 1812,leaf,

1 1957,leaf,

1 1543,non-leaf,

1 4917,leaf,

1 1974,leaf,

1 3407,leaf,

1 3820,leaf,

1 4867,leaf,

1 4887,leaf,

1 2079,leaf,

1 1792,leaf,

1 1304,leaf,

1 701,leaf,

1 2909,leaf,

1 1874,leaf,

1 1853,leaf,

1 4599,leaf,

1 2330,leaf,

1 5252,leaf,

1 3115,leaf,

1 3285,leaf,

1 3654,leaf,

1 1567,leaf,

1 3917,leaf,

1 2928,leaf,

1 6117,leaf,

1 5576,leaf,

1 2509,leaf,

1 2811,non-leaf,

1 4071,leaf,

1 1456,leaf,

1 5949,leaf,

1 182,leaf,

1 2531,leaf,

1 1138,leaf,

1 4476,leaf,

1 2596,leaf,

1 5717,leaf,

1 4265,leaf,

1 4275,leaf,

1 5356,leaf,

1 3169,leaf,

1 2390,leaf,

1 4942,leaf,

1 3900,non-leaf,

1 5988,non-leaf,

1 2236,leaf,

1 2282,leaf,

1 3029,leaf,

1 3856,leaf,

1 887,leaf,

1 2609,leaf,

1 2646,leaf,

1 2678,non-leaf,

1 6065,leaf,

1 802,leaf,

1 6059,leaf,

1 6169,leaf,

1 2276,leaf,

1 2071,leaf,

1 1390,leaf,

1 421,leaf,

1 5045,leaf,

1 4195,leaf,

1 2367,non-leaf,

1 2984,leaf,

1 4926,leaf,

1 5526,leaf,

1 3064,leaf,

1 2858,leaf,

1 4327,leaf,

1 2112,leaf,

1 3156,leaf,

1 5069,leaf,

1 171,leaf,

1 2995,leaf,

1 5622,non-leaf,

1 3314,leaf,

1 4595,leaf,

1 2744,non-leaf,

1 3676,leaf,

1 2314,leaf,

1 2559,leaf,

1 3569,leaf,

1 3187,leaf,

1 4962,leaf,

1 3671,leaf,

1 4386,leaf,

1 3230,leaf,

1 4450,leaf,

1 2653,leaf,

1 363,leaf,

1 3693,leaf,

1 1438,leaf,

1 3815,leaf,

1 438,leaf,

1 2357,leaf,

1 3036,leaf,

1 3622,non-leaf,

1 2565,leaf,

1 803,leaf,

1 3834,leaf,

1 5593,leaf,

1 1602,leaf,

1 1266,non-leaf,

1 1697,leaf,

1 437,leaf,

1 2552,leaf,

1 4145,leaf,

1 199,non-leaf,

1 2963,leaf,

1 1076,leaf,

1 3769,leaf,

1 2254,leaf,

1 5347,leaf,

1 4551,leaf,

1 2550,leaf,

1 154,leaf,

1 5634,leaf,

1 3701,leaf,

1 4360,leaf,

1 4316,leaf,

1 5275,leaf,

1 493,leaf,

1 3497,leaf,

1 4149,leaf,

1 2733,non-leaf,

1 4222,non-leaf,

1 4441,leaf,

1 4477,leaf,

1 5909,leaf,

1 5434,leaf,

1 5531,leaf,

1 4886,leaf,

1 3058,leaf,

1 3866,non-leaf,

1 256,non-leaf,

1 2711,non-leaf,

1 6144,non-leaf,

1 2128,leaf,

1 4745,leaf,

1 3082,leaf,

1 4278,leaf,

1 3226,leaf,

1 1111,non-leaf,

1 3215,leaf,

1 574,leaf,

1 2520,leaf,

1 3327,leaf,

1 1481,leaf,

1 3583,leaf,

1 2505,leaf,

1 3075,leaf,

1 5142,leaf,

1 1861,leaf,

1 4748,leaf,

1 436,leaf,

1 2290,leaf,

1 1972,leaf,

1 92,leaf,

1 2702,leaf,

1 2838,leaf,

1 2176,non-leaf,

1 1555,non-leaf,

1 2588,leaf,

1 5094,leaf,

1 1290,leaf,

1 2096,leaf,

1 3689,non-leaf,

1 4893,leaf,

1 5991,leaf,

1 4653,leaf,

1 4674,leaf,

1 983,leaf,

1 619,leaf,

1 3931,leaf,

1 974,leaf,

1 1224,leaf,

1 627,leaf,

1 5032,leaf,

1 1513,leaf,

1 281,leaf,

1 3173,leaf,

1 2955,non-leaf,

1 2387,leaf,

1 399,leaf,

1 5088,non-leaf,

1 2291,leaf,

1 2377,leaf,

1 75,leaf,

1 2275,leaf,

1 85,leaf,

1 5599,leaf,

1 4016,leaf,

1 4286,leaf,

1 2859,leaf,

1 4504,leaf,

1 4550,leaf,

1 4058,leaf,

1 2417,leaf,

1 3137,leaf,

1 2352,leaf,

1 2356,non-leaf,

1 3114,leaf,

1 3335,leaf,

1 2944,non-leaf,

1 5955,non-leaf,

1 5493,leaf,

1 5346,leaf,

1 1493,leaf,

1 4006,leaf,

1 1448,leaf,

1 1444,non-leaf,

1 4355,non-leaf,

1 4736,leaf,

1 5548,leaf,

1 1967,leaf,

1 5120,leaf,

1 554,leaf,

1 4724,leaf,

1 1700,leaf,

1 3350,leaf,

1 298,leaf,

1 4445,non-leaf,

1 4579,leaf,

1 2638,leaf,

1 5090,leaf,

1 1512,leaf,

1 670,leaf,

1 384,leaf,

1 4664,leaf,

1 212,leaf,

1 3273,leaf,

1 4344,non-leaf,

1 1784,leaf,

1 297,leaf,

1 4512,leaf,

1 3606,leaf,

1 4086,leaf,

1 1065,leaf,

1 535,leaf,

1 837,leaf,

1 3476,leaf,

1 4656,leaf,

1 4835,leaf,

1 2455,leaf,

1 3958,leaf,

1 1159,leaf,

1 1473,leaf,

1 4501,leaf,

1 4982,leaf,

1 233,leaf,

1 2400,non-leaf,

1 4482,leaf,

1 3799,leaf,

1 225,leaf,

1 289,non-leaf,

1 3283,leaf,

1 1167,leaf,

1 6120,leaf,

1 1594,leaf,

1 5460,leaf,

1 4373,leaf,

1 512,leaf,

1 5967,leaf,

1 5844,non-leaf,

1 3054,leaf,

1 4588,leaf,

1 4618,leaf,

1 4124,leaf,

1 3336,leaf,

1 4810,leaf,

1 5884,leaf,

1 5164,leaf,

1 4578,non-leaf,

1 1144,non-leaf,

1 587,leaf,

1 593,leaf,

1 3319,leaf,

1 4135,leaf,

1 296,leaf,

1 3619,leaf,

1 2739,leaf,

1 5774,leaf,

1 823,leaf,

1 4105,leaf,

1 4737,leaf,

1 5272,leaf,

1 3578,non-leaf,

1 3037,leaf,

1 5320,leaf,

1 5927,leaf,

1 798,leaf,

1 3509,leaf,

1 2796,leaf,

1 4143,leaf,

1 1334,leaf,

1 4053,leaf,

1 4735,leaf,

1 2542,leaf,

1 3195,leaf,

1 5214,leaf,

1 763,leaf,

1 2949,leaf,

1 2692,leaf,

1 2717,leaf,

1 8,leaf,

1 1928,leaf,

1 2755,non-leaf,

1 794,leaf,

1 1958,leaf,

1 1100,leaf,

1 6082,leaf,

1 2830,leaf,

1 3185,leaf,

1 5975,leaf,

1 2486,leaf,

1 4741,leaf,

1 417,leaf,

1 3049,leaf,

1 2383,leaf,

1 5389,leaf,

1 2643,leaf,

1 2278,non-leaf,

1 4660,leaf,

1 139,leaf,

1 951,leaf,

1 1293,leaf,

1 5746,leaf,

1 270,leaf,

1 2435,leaf,

1 488,leaf,

1 5587,leaf,

1 4403,leaf,

1 2988,non-leaf,

1 2628,leaf,

1 3601,leaf,

1 3719,leaf,

1 1122,non-leaf,

1 6063,leaf,

1 5862,leaf,

1 3339,leaf,

1 2142,leaf,

1 5747,leaf,

1 5515,leaf,

1 5061,leaf,

1 5895,leaf,

1 1088,non-leaf,

1 1463,leaf,

1 5271,leaf,

1 752,leaf,

1 973,leaf,

1 4290,leaf,

1 5974,leaf,

1 5641,leaf,

1 540,leaf,

1 986,leaf,

1 124,leaf,

1 5653,leaf,

1 4388,non-leaf,

1 4052,leaf,

1 1902,leaf,

1 3867,leaf,

1 1905,leaf,

1 3998,leaf,

1 4022,non-leaf,

1 2161,leaf,

1 2304,leaf,

1 4170,leaf,

1 355,leaf,

1 4050,leaf,

1 697,leaf,

1 1544,leaf,

1 392,leaf,

1 5721,leaf,

1 1930,leaf,

1 2015,leaf,

1 1615,leaf,

1 5819,leaf,

1 1810,non-leaf,

1 4580,leaf,

1 2472,leaf,

1 4281,leaf,

1 1341,leaf,

1 4597,leaf,

1 4048,leaf,

1 4302,leaf,

1 2953,leaf,

1 244,leaf,

1 3340,leaf,

1 5816,leaf,

1 4002,leaf,

1 642,leaf,

1 1245,leaf,

1 1691,leaf,

1 1483,leaf,

1 372,leaf,

1 2706,leaf,

1 5303,leaf,

1 2660,leaf,

1 4329,leaf,

1 1464,leaf,

1 1728,leaf,

1 900,non-leaf,

1 261,leaf,

1 3210,non-leaf,

1 326,leaf,

1 2011,leaf,

1 2547,leaf,

1 59,leaf,

1 2049,leaf,

1 1572,leaf,

1 683,leaf,

1 4221,non-leaf,

1 5997,leaf,

1 3022,non-leaf,

1 2697,leaf,

1 2350,leaf,

1 879,leaf,

1 3438,leaf,

1 618,leaf,

1 1735,leaf,

1 3428,leaf,

1 4514,leaf,

1 4408,leaf,

1 611,non-leaf,

1 6017,leaf,

1 5602,leaf,

1 4272,leaf,

1 5661,leaf,

1 4416,leaf,

1 5730,leaf,

1 5410,non-leaf,

1 1012,leaf,

1 3077,non-leaf,

1 2267,non-leaf,

1 5201,leaf,

1 4519,leaf,

1 5817,leaf,

1 5506,leaf,

1 2636,leaf,

1 6108,leaf,

1 4594,leaf,

1 3481,leaf,

1 4171,leaf,

1 73,leaf,

1 2978,leaf,

1 5050,leaf,

1 5024,leaf,

1 1049,leaf,

1 5014,leaf,

1 3145,leaf,

1 468,leaf,

1 1359,leaf,

1 2209,non-leaf,

1 1806,leaf,

1 2510,leaf,

1 4173,leaf,

1 3384,leaf,

1 4967,leaf,

1 3939,leaf,

1 4971,leaf,

1 5156,leaf,

1 2591,leaf,

1 2581,leaf,

1 228,leaf,

1 1204,leaf,

1 4984,leaf,

1 2165,non-leaf,

1 5357,leaf,

1 1582,leaf,

1 3907,leaf,

1 538,leaf,

1 4249,leaf,

1 3982,leaf,

1 2208,leaf,

1 4147,leaf,

1 1102,leaf,

1 5038,leaf,

1 5331,leaf,

1 2449,leaf,

1 2279,leaf,

1 6097,leaf,

1 1015,leaf,

1 2637,leaf,

1 1997,leaf,

1 1314,leaf,

1 194,leaf,

1 1436,leaf,

1 5805,leaf,

1 5127,leaf,

1 5779,leaf,

1 828,leaf,

1 793,leaf,

1 2494,leaf,

1 3375,leaf,

1 2204,leaf,

1 320,leaf,

1 578,non-leaf,

1 1411,leaf,

1 24,leaf,

1 4409,leaf,

1 5580,leaf,

1 1796,leaf,

1 4585,leaf,

1 5676,leaf,

1 5475,leaf,

1 1158,leaf,

1 589,non-leaf,

1 4907,leaf,

1 3859,leaf,

1 2042,leaf,

1 4311,leaf,

1 5522,leaf,

1 2058,leaf,

1 5541,leaf,

1 4694,leaf,

1 53,leaf,

1 4494,leaf,

1 1955,leaf,

1 3983,leaf,

1 3148,leaf,

1 2719,leaf,

1 3138,leaf,

1 3746,leaf,

1 513,leaf,

1 5925,leaf,

1 5919,leaf,

1 5165,leaf,

1 2664,leaf,

1 248,leaf,

1 1917,leaf,

1 5802,leaf,

1 3816,leaf,

1 3840,leaf,

1 5031,leaf,

1 147,leaf,

1 153,leaf,

1 1475,leaf,

1 2701,leaf,

1 5233,non-leaf,

1 1803,leaf,

1 122,non-leaf,

1 869,leaf,

1 4304,leaf,

1 3626,leaf,

1 4795,leaf,

1 5216,leaf,

1 3702,leaf,

1 5759,leaf,

1 2860,leaf,

1 1891,leaf,

1 5690,leaf,

1 2566,leaf,

1 2718,leaf,

1 4358,leaf,

1 3542,leaf,

1 1237,leaf,

1 2799,leaf,

1 3991,leaf,

1 2573,leaf,

1 2341,leaf,

1 3455,leaf,

1 854,leaf,

1 4671,leaf,

1 1006,leaf,

1 4816,leaf,

1 1360,leaf,

1 2779,leaf,

1 3162,leaf,

1 2419,leaf,

1 5553,leaf,

1 3165,leaf,

1 4412,leaf,

1 5482,leaf,

1 4934,leaf,

1 4814,leaf,

1 5823,leaf,

1 2032,non-leaf,

1 2671,leaf,

1 2667,non-leaf,

1 3359,leaf,

1 3133,non-leaf,

1 4698,leaf,

1 4714,leaf,

1 3107,leaf,

1 1698,leaf,

1 1787,leaf,

1 4644,non-leaf,

1 2540,leaf,

1 2893,leaf,

1 4200,leaf,

1 6098,leaf,

1 3709,leaf,

1 358,leaf,

1 1824,leaf,

1 628,leaf,

1 4510,leaf,

1 5876,leaf,

1 5060,leaf,

1 579,leaf,

1 3183,leaf,

1 356,non-leaf,

1 4600,non-leaf,

1 2407,leaf,

1 5041,leaf,

1 3996,leaf,

1 5579,leaf,

1 2649,leaf,

1 205,leaf,

1 3493,leaf,

1 5733,non-leaf,

1 2791,leaf,

1 1269,leaf,

1 5411,leaf,

1 5512,leaf,

1 688,leaf,

1 1579,leaf,

1 180,leaf,

1 4270,leaf,

1 746,leaf,

1 2695,leaf,

1 3809,leaf,

1 5458,leaf,

1 5162,leaf,

1 4038,leaf,

1 5448,leaf,

1 3647,leaf,

1 2965,leaf,

1 113,leaf,

1 3651,leaf,

1 5264,leaf,

1 5933,non-leaf,

1 1093,leaf,

1 4339,leaf,

1 4959,leaf,

1 5683,leaf,

1 4013,leaf,

1 6046,leaf,

1 5254,leaf,

1 5533,leaf,

1 1813,leaf,

1 1918,leaf,

1 1597,leaf,

1 1745,leaf,

1 4935,leaf,

1 2184,leaf,

1 1430,leaf,

1 2078,leaf,

1 3068,leaf,

1 2732,leaf,

1 1042,leaf,

1 4823,leaf,

1 1367,leaf,

1 4681,leaf,

1 694,leaf,

1 1837,leaf,

1 2024,leaf,

1 580,leaf,

1 234,non-leaf,

1 30,leaf,

1 4345,leaf,

1 961,leaf,

1 4949,leaf,

1 1731,leaf,

1 3668,leaf,

1 3627,leaf,

1 1168,leaf,

1 4675,leaf,

1 3962,leaf,

1 5663,leaf,

1 3346,leaf,

1 5079,leaf,

1 4645,leaf,

1 3389,non-leaf,

1 5684,leaf,

1 6155,non-leaf,

1 6160,leaf,

1 3158,leaf,

1 1678,leaf,

1 3028,leaf,

1 462,leaf,

1 1353,leaf,

1 1344,non-leaf,

1 2008,leaf,

1 5067,leaf,

1 3938,leaf,

1 5241,leaf,

1 4434,leaf,

1 5589,non-leaf,

1 4708,leaf,

1 5171,leaf,

1 3864,leaf,

1 4130,leaf,

1 3135,leaf,

1 4719,leaf,

1 4756,leaf,

1 45,non-leaf,

1 5998,leaf,

1 3944,non-leaf,

1 390,leaf,

1 708,leaf,

1 4546,leaf,

1 5442,leaf,

1 2822,non-leaf,

1 674,leaf,

1 422,non-leaf,

1 1701,leaf,

1 5492,leaf,

1 65,leaf,

1 496,leaf,

1 4678,non-leaf,

1 4996,leaf,

1 2808,leaf,

1 995,leaf,

1 5073,leaf,

1 2346,leaf,

1 2648,leaf,

1 2088,leaf,

1 523,leaf,

1 5286,leaf,

1 2549,leaf,

1 5005,leaf,

1 5520,leaf,

1 4080,leaf,

1 4858,leaf,

1 1283,leaf,

1 2655,non-leaf,

1 2443,leaf,

1 268,leaf,

1 2619,leaf,

1 1906,leaf,

1 4009,leaf,

1 5509,leaf,

1 1669,leaf,

1 1426,leaf,

1 615,leaf,

1 1270,leaf,

1 1073,leaf,

1 1330,leaf,

1 441,leaf,

1 4976,leaf,

1 1300,leaf,

1 740,leaf,

1 3817,leaf,

1 2305,leaf,

1 3370,leaf,

1 4177,non-leaf,

1 5739,leaf,

1 1893,leaf,

1 5437,leaf,

1 2812,leaf,

1 568,leaf,

1 5012,leaf,

1 4295,leaf,

1 3666,non-leaf,

1 2488,leaf,

1 4073,leaf,

1 581,leaf,

1 781,leaf,

1 3483,leaf,

1 2364,leaf,

1 4601,leaf,

1 5301,leaf,

1 2839,leaf,

1 6006,leaf,

1 600,non-leaf,

1 1406,leaf,

1 1134,leaf,

1 5923,leaf,

1 1644,leaf,

1 6012,leaf,

1 4488,leaf,

1 2528,leaf,

1 3050,leaf,

1 3534,leaf,

1 401,leaf,

1 5066,non-leaf,

1 3846,leaf,

1 67,non-leaf,

1 5035,leaf,

1 4648,leaf,

1 5694,leaf,

1 736,leaf,

1 4932,leaf,

1 5141,leaf,

1 3574,leaf,

1 2850,leaf,

1 1875,leaf,

1 4877,non-leaf,

1 4772,leaf,

1 2586,leaf,

1 3582,leaf,

1 5308,leaf,

1 2012,leaf,

1 5131,leaf,

1 2082,leaf,

1 1057,leaf,

1 3178,leaf,

1 130,leaf,

1 2172,leaf,

1 675,leaf,

1 1884,leaf,

1 3214,leaf,

1 508,leaf,

1 3489,non-leaf,

1 2495,leaf,

1 5181,leaf,

1 5246,leaf,

1 5022,non-leaf,

1 236,leaf,

1 6030,leaf,

1 5378,leaf,

1 4788,leaf,

1 1345,leaf,

1 452,leaf,

1 3653,leaf,

1 2544,non-leaf,

1 775,leaf,

1 2395,leaf,

1 6075,leaf,

1 4634,leaf,

1 5678,non-leaf,

1 754,leaf,

1 3731,leaf,

1 6135,leaf,

1 5168,leaf,

1 343,leaf,

1 380,leaf,

1 5287,leaf,

1 1727,leaf,

1 3810,leaf,

1 3908,leaf,

1 1037,leaf,

1 424,leaf,

1 5191,leaf,

1 5402,leaf,

1 485,leaf,

1 4389,leaf,

1 4833,non-leaf,

1 5957,leaf,

1 4752,leaf,

1 404,leaf,

1 1375,leaf,

1 1427,leaf,

1 971,leaf,

1 2442,leaf,

1 4511,non-leaf,

1 2298,leaf,

1 5198,leaf,

1 6018,leaf,

1 2703,leaf,

1 1850,leaf,

1 4629,leaf,

1 5619,leaf,

1 3269,leaf,

1 2937,leaf,

1 4332,non-leaf,

1 1388,non-leaf,

1 308,leaf,

1 4611,non-leaf,

1 2491,leaf,

1 5995,leaf,

1 4283,leaf,

1 1683,leaf,

1 2109,non-leaf,

1 4424,leaf,

1 5273,leaf,

1 3414,leaf,

1 3507,leaf,

1 5450,leaf,

1 2750,leaf,

1 1135,leaf,

1 1596,leaf,

1 5590,leaf,

1 3547,leaf,

1 6158,leaf,

1 2835,leaf,

1 6128,leaf,

1 1716,leaf,

1 1966,leaf,

1 3988,non-leaf,

1 1200,leaf,

1 4799,leaf,

1 563,leaf,

1 2819,leaf,

1 1228,leaf,

1 1802,leaf,

1 3040,leaf,

1 71,leaf,

1 3262,leaf,

1 3652,leaf,

1 3609,leaf,

1 5140,leaf,

1 2896,leaf,

1 2119,leaf,

1 2382,leaf,

1 1752,leaf,

1 1182,leaf,

1 1688,non-leaf,

1 1480,leaf,

1 5328,leaf,

1 109,leaf,

1 6003,leaf,

1 5830,leaf,

1 1625,leaf,

1 494,leaf,

1 2767,leaf,

1 827,leaf,

1 1252,leaf,

1 5471,leaf,

1 3752,leaf,

1 415,leaf,

1 2587,leaf,

1 2211,leaf,

1 6153,leaf,

1 5277,non-leaf,

1 368,leaf,

1 4535,leaf,

1 3911,non-leaf,

1 1913,leaf,

1 766,non-leaf,

1 5151,leaf,

1 874,leaf,

1 3207,leaf,

1 2576,leaf,

1 4701,leaf,

1 5187,leaf,

1 4878,leaf,

1 4521,leaf,

1 2920,leaf,

1 1491,leaf,

1 3442,leaf,

1 861,leaf,

1 2687,leaf,

1 120,leaf,

1 4263,leaf,

1 3785,leaf,

1 5613,leaf,

1 5253,leaf,

1 3954,leaf,

1 444,non-leaf,

1 2956,leaf,

1 4641,leaf,

1 2137,leaf,

1 3753,leaf,

1 1983,leaf,

1 4106,leaf,

1 2870,leaf,

1 4376,leaf,

1 3512,leaf,

1 1650,leaf,

1 4034,leaf,

1 3307,leaf,

1 5456,leaf,

1 1888,non-leaf,

1 791,leaf,

1 4202,leaf,

1 3525,leaf,

1 1946,leaf,

1 4232,leaf,

1 4725,leaf,

1 388,leaf,

1 1671,leaf,

1 3498,leaf,

1 1658,leaf,

1 5511,leaf,

1 2880,leaf,

1 5447,leaf,

1 5503,leaf,

1 5118,leaf,

1 3256,leaf,

1 2424,leaf,

1 4158,leaf,

1 3288,non-leaf,

1 3922,non-leaf,

1 4908,leaf,

1 3635,leaf,

1 640,leaf,

1 1247,leaf,

1 141,leaf,

1 2332,leaf,

1 6103,leaf,

1 495,leaf,

1 3935,leaf,

1 460,leaf,

1 1351,leaf,

1 976,leaf,

1 4969,leaf,

1 2842,leaf,

1 5036,leaf,

1 807,leaf,

1 5034,leaf,

1 2166,leaf,

1 114,leaf,

1 303,leaf,

1 5488,non-leaf,

1 1612,leaf,

1 5485,leaf,

1 1846,leaf,

1 4910,leaf,

1 172,leaf,

1 5327,leaf,

1 978,leaf,

1 1808,leaf,

1 4847,leaf,

1 1898,leaf,

1 4284,leaf,

1 4774,leaf,

1 5288,non-leaf,

1 4753,leaf,

1 3897,leaf,

1 2300,non-leaf,

1 5231,leaf,

1 1856,leaf,

1 3449,leaf,

1 2617,leaf,

1 66,leaf,

1 3634,leaf,

1 2913,leaf,

1 3431,leaf,

1 870,leaf,

1 4113,leaf,

1 2999,non-leaf,

1 1576,leaf,

1 687,leaf,

1 5338,leaf,

1 35,leaf,

1 5906,leaf,

1 1636,leaf,

1 2833,non-leaf,

1 4347,leaf,

1 3571,leaf,

1 4351,leaf,

1 5313,leaf,

1 4900,non-leaf,

1 909,leaf,

1 3775,leaf,

1 4426,leaf,

1 4197,leaf,

1 1185,leaf,

1 428,leaf,

1 5415,leaf,

1 5215,leaf,

1 5304,leaf,

1 5423,leaf,

1 1780,leaf,

1 2770,leaf,

1 432,leaf,

1 5130,leaf,

1 6137,leaf,

1 1306,leaf,

1 4399,non-leaf,

1 5176,leaf,

1 5148,leaf,

1 477,leaf,

1 1364,leaf,

1 1452,leaf,

1 5581,leaf,

1 25,leaf,

1 3015,leaf,

1 617,leaf,

1 5195,leaf,

1 707,leaf,

1 5219,leaf,

1 1072,leaf,

1 1286,leaf,

1 5282,leaf,

1 5569,leaf,

1 4559,leaf,

1 1614,leaf,

1 3279,leaf,

1 4433,leaf,

1 2338,leaf,

1 3686,leaf,

1 4459,leaf,

1 4156,leaf,

1 3150,leaf,

1 44,leaf,

1 1041,leaf,

1 2556,non-leaf,

1 3658,leaf,

1 3448,leaf,

1 1117,leaf,

1 128,leaf,

1 4076,leaf,

1 2665,leaf,

1 89,non-leaf,

1 3392,leaf,

1 3516,leaf,

1 3696,leaf,

1 3786,leaf,

1 2734,leaf,

1 4011,non-leaf,

1 1403,leaf,

1 3794,leaf,

1 4380,leaf,

1 2740,leaf,

1 3667,non-leaf,

1 1415,leaf,

1 4525,leaf,

1 5843,leaf,

1 1468,leaf,

1 243,leaf,

1 235,leaf,

1 1922,leaf,

1 3511,non-leaf,

1 796,leaf,

1 2380,leaf,

1 5230,leaf,

1 5530,leaf,

1 3616,leaf,

1 2511,non-leaf,

1 3078,leaf,

1 1130,leaf,

1 3253,leaf,

1 657,leaf,

1 1504,leaf,

1 2751,leaf,

1 1722,leaf,

1 3008,leaf,

1 1516,leaf,

1 5646,leaf,

1 2489,non-leaf,

1 254,leaf,

1 5015,leaf,

1 3586,leaf,

1 2201,leaf,

1 1407,leaf,

1 5126,leaf,

1 86,leaf,

1 4180,leaf,

1 1665,non-leaf,

1 5752,leaf,

1 5422,leaf,

1 1157,leaf,

1 4679,leaf,

1 5136,leaf,

1 3839,leaf,

1 3876,leaf,

1 682,leaf,

1 1573,leaf,

1 4865,leaf,

1 5145,leaf,

1 4739,leaf,

1 1749,leaf,

1 2855,non-leaf,

1 2197,leaf,

1 3628,leaf,

1 4090,leaf,

1 3490,leaf,

1 1583,leaf,

1 1395,leaf,

1 4566,leaf,

1 4805,leaf,

1 5767,leaf,

1 3539,leaf,

1 1260,leaf,

1 663,leaf,

1 1968,leaf,

1 3073,leaf,

1 3126,leaf,

1 3278,leaf,

1 3787,leaf,

1 5483,leaf,

1 595,leaf,

1 4159,leaf,

1 510,leaf,

1 1318,leaf,

1 1766,leaf,

1 3435,leaf,

1 2017,leaf,

1 288,leaf,

1 1800,leaf,

1 6142,leaf,

1 4060,leaf,

1 5660,leaf,

1 3863,leaf,

1 4255,non-leaf,

1 292,leaf,

1 5426,leaf,

1 3567,non-leaf,

1 1032,leaf,

1 2069,leaf,

1 1002,leaf,

1 4914,leaf,

1 5780,leaf,

1 4321,non-leaf,

1 5295,leaf,

1 1019,leaf,

1 5874,leaf,

1 1818,leaf,

1 989,leaf,

1 5946,leaf,

1 2794,leaf,

1 1964,leaf,

1 1852,leaf,

1 5952,leaf,

1 6051,leaf,

1 739,leaf,

1 4319,leaf,

1 1441,leaf,

1 5795,leaf,

1 662,leaf,

1 1261,leaf,

1 1479,leaf,

1 2185,leaf,

1 816,leaf,

1 5501,leaf,

1 1285,leaf,

1 932,leaf,

1 4371,leaf,

1 2344,leaf,

1 1036,leaf,

1 4247,leaf,

1 3236,leaf,

1 5671,leaf,

1 5647,leaf,

1 2545,leaf,

1 4442,leaf,

1 820,leaf,

1 4608,leaf,

1 252,leaf,

1 459,leaf,

1 1954,non-leaf,

1 230,leaf,

1 5315,leaf,

1 4960,leaf,

1 5008,leaf,

1 5429,leaf,

1 1684,leaf,

1 2234,non-leaf,

1 3530,leaf,

1 5294,leaf,

1 439,leaf,

1 4790,leaf,

1 6166,non-leaf,

1 1190,leaf,

1 1508,leaf,

1 776,leaf,

1 4625,leaf,

1 720,leaf,

1 5318,leaf,

1 2067,leaf,

1 4852,leaf,

1 1123,leaf,

1 937,leaf,

1 3023,leaf,

1 3648,leaf,

1 2820,leaf,

1 2854,leaf,

1 2864,leaf,

1 4764,leaf,

1 2297,leaf,

1 1529,leaf,

1 2827,leaf,

1 5395,leaf,

1 2508,leaf,

1 653,leaf,

1 1500,leaf,

1 1663,leaf,

1 3790,leaf,

1 1133,non-leaf,

1 1628,leaf,

1 4522,non-leaf,

1 4165,leaf,

1 5523,leaf,

1 5616,leaf,

1 935,leaf,

1 5970,leaf,

1 3011,non-leaf,

1 1757,leaf,

1 2603,leaf,

1 507,leaf,

1 5935,leaf,

1 5178,leaf,

1 3960,leaf,

1 4586,leaf,

1 3211,leaf,

1 654,leaf,

1 3703,leaf,

1 2474,leaf,

1 4622,non-leaf,

1 3734,leaf,

1 2163,leaf,

1 3000,non-leaf,

1 3692,leaf,

1 3343,leaf,

1 5554,non-leaf,

1 3087,leaf,

1 4543,leaf,

1 1938,leaf,

1 3548,leaf,

1 4848,leaf,

1 5611,non-leaf,

1 284,leaf,

1 2075,leaf,

1 5351,leaf,

1 1753,leaf,

1 5226,leaf,

1 3553,leaf,

1 6061,leaf,

1 3629,leaf,

1 5500,leaf,

1 5268,leaf,

1 5428,leaf,

1 1690,leaf,

1 4507,leaf,

1 1319,leaf,

1 1007,leaf,

1 5958,leaf,

1 4832,leaf,

1 3048,leaf,

1 370,leaf,

1 5250,leaf,

1 5600,non-leaf,

1 209,leaf,

1 604,leaf,

1 1587,leaf,

1 1737,leaf,

1 2641,leaf,

1 1047,leaf,

1 999,non-leaf,

1 1189,leaf,

1 3417,leaf,

1 5179,leaf,

1 1496,leaf,

1 4216,leaf,

1 5374,leaf,

1 2795,leaf,

1 5529,leaf,

1 3808,leaf,

1 2162,leaf,

1 4769,leaf,

1 3360,leaf,

1 5375,leaf,

1 5158,leaf,

1 3705,leaf,

1 769,leaf,

1 2961,leaf,

1 4023,leaf,

1 4496,leaf,

1 5542,leaf,

1 4122,non-leaf,

1 1113,leaf,

1 5898,leaf,

1 3950,leaf,

1 3796,leaf,

1 4520,leaf,

1 2072,leaf,

1 5813,leaf,

1 2707,leaf,

1 1674,leaf,

1 5951,leaf,

1 2841,leaf,

1 5856,leaf,

1 371,leaf,

1 1693,leaf,

1 1849,leaf,

1 5710,leaf,

1 926,leaf,

1 2597,leaf,

1 680,leaf,

1 1571,leaf,

1 2512,leaf,

1 997,leaf,

1 74,leaf,

1 2189,leaf,

1 1945,leaf,

1 5943,leaf,

1 299,leaf,

1 167,leaf,

1 5086,leaf,

1 5962,leaf,

1 4633,non-leaf,

1 2116,leaf,

1 1670,leaf,

1 3220,leaf,

1 831,leaf,

1 3470,leaf,

1 5893,leaf,

1 5986,leaf,

1 733,non-leaf,

1 3272,leaf,

1 1046,leaf,

1 2343,leaf,

1 4783,leaf,

1 1744,leaf,

1 4915,leaf,

1 1332,non-leaf,

1 3887,leaf,

1 4784,leaf,

1 4139,leaf,

1 3347,leaf,

1 5193,leaf,

1 4881,leaf,

1 5263,leaf,

1 5365,leaf,

1 2053,leaf,

1 6100,leaf,

1 5386,leaf,

1 1472,leaf,

1 3892,leaf,

1 5591,leaf,

1 4726,leaf,

1 3535,leaf,

1 3231,leaf,

1 2513,leaf,

1 2652,leaf,

1 5688,leaf,

1 6121,leaf,

1 3592,leaf,

1 3640,leaf,

1 3104,leaf,

1 5311,leaf,

1 2006,leaf,

1 2810,leaf,

1 5113,leaf,

1 2386,leaf,

1 4619,leaf,

1 3873,leaf,

1 2831,leaf,

1 2111,leaf,

1 3987,leaf,

1 1296,leaf,

1 2924,leaf,

1 1346,leaf,

1 5836,leaf,

1 2608,leaf,

1 704,leaf,

1 2789,non-leaf,

1 3896,leaf,

1 3108,leaf,

1 3818,leaf,

1 3175,leaf,

1 208,leaf,

1 1412,leaf,

1 4369,leaf,

1 3725,leaf,

1 744,non-leaf,

1 962,leaf,

1 3192,leaf,

1 470,leaf,

1 3062,leaf,

1 5097,leaf,

1 360,leaf,

1 4462,leaf,

1 5723,leaf,

1 5867,leaf,

1 5096,leaf,

1 1769,leaf,

1 2501,leaf,

1 2057,leaf,

1 519,leaf,

1 170,leaf,

1 1741,leaf,

1 575,leaf,

1 3943,leaf,

1 555,non-leaf,

1 3203,leaf,

1 5736,leaf,

1 5262,leaf,

1 1789,leaf,

1 1689,leaf,

1 2929,leaf,

1 4084,leaf,

1 381,leaf,

1 990,leaf,

1 1081,leaf,

1 1380,leaf,

1 5370,leaf,

1 3559,leaf,

1 1622,leaf,

1 1641,leaf,

1 5260,leaf,

1 4693,leaf,

1 219,leaf,

1 1925,leaf,

1 1639,leaf,

1 4069,leaf,

1 367,non-leaf,

1 1301,leaf,

1 1311,leaf,

1 3554,leaf,

1 4892,leaf,

1 5278,leaf,

1 5791,leaf,

1 1987,non-leaf,

1 5232,leaf,

1 4978,leaf,

1 5194,leaf,

1 3850,leaf,

1 2809,leaf,

1 1289,leaf,

1 2952,leaf,

1 47,leaf,

1 3942,leaf,

1 5699,leaf,

1 4734,leaf,

1 2621,leaf,

1 1203,leaf,

1 4930,leaf,

1 2397,leaf,

1 4797,leaf,

1 691,leaf,

1 1542,leaf,

1 5289,leaf,

1 2102,leaf,

1 4986,leaf,

1 1005,leaf,

1 2817,leaf,

1 2398,leaf,

1 354,leaf,

1 4523,leaf,

1 5544,leaf,

1 5369,leaf,

1 5718,leaf,

1 5818,leaf,

1 3581,leaf,

1 5626,leaf,

1 2242,leaf,

1 3683,leaf,

1 726,leaf,

1 5549,leaf,

1 2092,leaf,

1 3425,leaf,

1 3806,leaf,

1 4954,leaf,

1 15,leaf,

1 4251,leaf,

1 1640,leaf,

1 1934,leaf,

1 4193,leaf,

1 2090,leaf,

1 2769,leaf,

1 2631,leaf,

1 23,non-leaf,

1 1904,leaf,

1 3973,leaf,

1 3400,non-leaf,

1 1642,leaf,

1 2527,leaf,

1 5835,leaf,

1 408,leaf,

1 1379,leaf,

1 2803,leaf,

1 1232,leaf,

1 3477,leaf,

1 836,leaf,

1 2399,leaf,

1 2454,leaf,

1 3181,leaf,

1 6157,leaf,

1 3714,leaf,

1 5039,leaf,

1 1423,leaf,

1 5486,leaf,

1 5197,leaf,

1 782,leaf,

1 3773,leaf,

1 4207,leaf,

1 3125,leaf,

1 3807,leaf,

1 4051,leaf,

1 2724,leaf,

1 2155,leaf,

1 379,leaf,

1 1859,leaf,

1 3112,leaf,

1 84,leaf,

1 3382,leaf,

1 5639,leaf,

1 4475,leaf,

1 940,leaf,

1 121,leaf,

1 770,leaf,

1 4472,leaf,

1 3924,leaf,

1 2498,leaf,

1 4592,leaf,

1 5727,leaf,

1 3102,leaf,

1 5093,leaf,

1 3345,non-leaf,

1 4437,leaf,

1 5565,leaf,

1 4414,leaf,

1 1908,leaf,

1 558,leaf,

1 2862,leaf,

1 2294,leaf,

1 200,leaf,

1 1011,non-leaf,

1 1823,leaf,

1 4957,leaf,

1 4508,leaf,

1 4336,leaf,

1 814,leaf,

1 5474,leaf,

1 3521,leaf,

1 4650,leaf,

1 4299,non-leaf,

1 1659,leaf,

1 481,leaf,

1 4490,leaf,

1 3854,leaf,

1 1458,leaf,

1 3219,leaf,

1 148,leaf,

1 4184,leaf,

1 6145,leaf,

1 949,leaf,

1 5655,non-leaf,

1 2946,leaf,

1 160,leaf,

1 5496,leaf,

1 6163,leaf,

1 5229,leaf,

1 5822,non-leaf,

1 4593,leaf,

1 96,leaf,

1 2178,leaf,

1 4372,leaf,

1 5932,leaf,

1 3610,leaf,

1 5882,leaf,

1 4342,leaf,

1 3020,leaf,

1 2388,leaf,

1 3405,leaf,

1 4172,leaf,

1 1089,leaf,

1 3570,leaf,

1 2206,leaf,

1 3699,leaf,

1 3522,non-leaf,

1 1528,leaf,

1 3031,leaf,

1 4285,leaf,

1 5003,leaf,

1 2007,leaf,

1 3001,leaf,

1 5594,leaf,

1 1333,non-leaf,

1 4552,leaf,

1 5453,leaf,

1 917,leaf,

1 3821,leaf,

1 1548,leaf,

1 4524,leaf,

1 2666,non-leaf,

1 5596,leaf,

1 4801,leaf,

1 314,leaf,

1 3841,leaf,

1 4825,leaf,

1 3537,leaf,

1 2967,leaf,

1 5494,leaf,

1 1545,leaf,

1 696,leaf,

1 511,non-leaf,

1 5070,leaf,

1 4379,leaf,

1 3933,non-leaf,

1 885,leaf,

1 5274,leaf,

1 5123,leaf,

1 4391,leaf,

1 5829,leaf,

1 5540,leaf,

1 2482,leaf,

1 276,leaf,

1 6032,leaf,

1 3879,leaf,

1 4243,leaf,

1 1699,non-leaf,

1 5236,leaf,

1 4485,leaf,

1 2439,leaf,

1 3421,leaf,

1 4465,leaf,

1 5825,leaf,

1 1294,leaf,

1 2031,leaf,

1 3712,leaf,

1 2569,leaf,

1 5208,leaf,

1 5851,leaf,

1 5741,leaf,

1 3363,leaf,

1 2009,leaf,

1 4398,leaf,

1 338,leaf,

1 410,leaf,

1 2871,leaf,

1 5223,leaf,

1 4440,leaf,

1 5445,leaf,

1 1777,non-leaf,

1 1114,leaf,

1 2375,leaf,

1 1291,leaf,

1 4687,leaf,

1 3154,leaf,

1 1323,leaf,

1 5108,leaf,

1 265,leaf,

1 4638,leaf,

1 2212,leaf,

1 5561,leaf,

1 3388,leaf,

1 1348,leaf,

1 3738,leaf,

1 4928,leaf,

1 3410,leaf,

1 1773,leaf,

1 5417,leaf,

1 5921,leaf,

1 797,leaf,

1 3529,leaf,

1 1912,leaf,

1 2598,leaf,

1 3216,leaf,

1 5770,leaf,

1 3106,leaf,

1 3611,non-leaf,

1 112,leaf,

1 5393,leaf,

1 5484,leaf,

1 5985,leaf,

1 4815,leaf,

1 1827,leaf,

1 4568,leaf,

1 2391,leaf,

1 51,leaf,

1 2538,leaf,

1 3560,leaf,

1 2763,leaf,

1 2645,leaf,

1 2613,leaf,

1 6029,leaf,

1 717,leaf,

1 349,leaf,

1 5604,leaf,

1 5358,leaf,

1 2064,leaf,

1 4205,leaf,

1 3168,leaf,

1 3767,leaf,

1 4082,leaf,

1 3091,leaf,

1 5025,leaf,

1 4499,leaf,

1 1071,leaf,

1 2611,non-leaf,

1 4505,leaf,

1 1637,leaf,

1 5349,leaf,

1 5306,leaf,

1 2997,leaf,

1 54,leaf,

1 1250,leaf,

1 1592,leaf,

1 1226,leaf,

1 625,leaf,

1 2319,leaf,

1 5516,leaf,

1 1889,leaf,

1 889,non-leaf,

1 1880,leaf,

1 2792,leaf,

1 4715,leaf,

1 602,leaf,

1 4547,leaf,

1 5084,leaf,

1 3729,leaf,

1 5859,leaf,

1 6114,leaf,

1 1765,non-leaf,

1 433,non-leaf,

1 3878,leaf,

1 2054,non-leaf,

1 883,leaf,

1 5657,leaf,

1 4489,non-leaf,

1 4435,leaf,

1 3193,leaf,

1 1445,leaf,

1 3337,leaf,

1 4936,leaf,

1 1996,leaf,

1 1316,leaf,

1 3829,leaf,

1 4673,leaf,

1 198,leaf,

1 1797,leaf,

1 1626,leaf,

1 5239,leaf,

1 842,leaf,

1 3465,leaf,

1 755,non-leaf,

1 2420,leaf,

1 4885,leaf,

1 2730,leaf,

1 4707,leaf,

1 1899,non-leaf,

1 5573,leaf,

1 4731,leaf,

1 2846,leaf,

1 2977,non-leaf,

1 544,non-leaf,

1 2656,leaf,

1 4340,leaf,

1 3065,leaf,

1 3662,leaf,

1 1457,leaf,

1 2632,leaf,

1 5243,leaf,

1 3043,leaf,

1 328,leaf,

1 5256,leaf,

1 4204,leaf,

1 307,leaf,

1 4253,leaf,

1 1017,leaf,

1 3352,leaf,

1 1165,leaf,

1 3403,leaf,

1 2230,leaf,

1 3420,leaf,

1 3649,leaf,

1 1325,leaf,

1 1501,leaf,

1 652,leaf,

1 300,non-leaf,

1 3299,non-leaf,

1 2922,non-leaf,

1 1985,leaf,

1 1142,leaf,

1 3519,leaf,

1 945,leaf,

1 5408,leaf,

1 5675,leaf,

1 4377,non-leaf,

1 1734,leaf,

1 2982,leaf,

1 500,non-leaf,

1 5498,leaf,

1 4225,leaf,

1 5441,leaf,

1 2688,leaf,

1 4697,leaf,

1 1268,leaf,

1 3200,leaf,

1 716,leaf,

1 759,leaf,

1 5499,non-leaf,

1 4794,leaf,

1 3620,leaf,

1 3261,leaf,

1 5115,leaf,

1 5703,leaf,

1 5322,leaf,

1 1235,leaf,

1 571,leaf,

1 890,leaf,

1 599,leaf,

1 3784,leaf,

1 5788,leaf,

1 533,non-leaf,

1 2773,leaf,

1 2207,leaf,

1 4548,leaf,

1 4014,leaf,

1 4677,leaf,

1 1371,leaf,

1 6085,leaf,

1 2601,leaf,

1 4054,leaf,

1 1404,leaf,

1 1885,leaf,

1 703,leaf,

1 2775,leaf,

1 3937,leaf,

1 3326,leaf,

1 4843,leaf,

1 848,leaf,

1 541,leaf,

1 1865,non-leaf,

1 3209,leaf,

1 3304,leaf,

1 4341,leaf,

1 4334,leaf,

1 398,leaf,

1 2317,leaf,

1 1826,leaf,

1 1220,leaf,

1 623,leaf,

1 1112,leaf,

1 2287,leaf,

1 1214,leaf,

1 800,non-leaf,

1 4912,leaf,

1 1087,leaf,

1 1561,leaf,

1 207,leaf,

1 5903,leaf,

1 1063,leaf,

1 2033,leaf,

1 4483,leaf,

1 1437,leaf,

1 2699,leaf,

1 1317,leaf,

1 1553,leaf,

1 6094,leaf,

1 4631,leaf,

1 4383,leaf,

1 4039,leaf,

1 4394,leaf,

1 1832,non-leaf,

1 5387,leaf,

1 4732,leaf,

1 5871,leaf,

1 3117,leaf,

1 2865,leaf,

1 2875,leaf,

1 4604,leaf,

1 5976,leaf,

1 2342,leaf,

1 2182,leaf,

1 4137,leaf,

1 3994,leaf,

1 5897,leaf,

1 1524,leaf,

1 5170,leaf,

1 216,leaf,

1 1035,leaf,

1 3645,leaf,

1 3257,leaf,

1 246,leaf,

1 2326,leaf,

1 1593,leaf,

1 2450,leaf,

1 2927,leaf,

1 912,leaf,

1 4110,non-leaf,

1 2405,leaf,

1 3669,leaf,

1 4610,leaf,

1 536,leaf,

1 939,leaf,

1 6002,leaf,

1 4032,leaf,

1 3555,non-leaf,

1 1914,leaf,

1 3364,leaf,

1 1940,leaf,

1 1163,leaf,

1 2606,leaf,

1 2362,leaf,

1 2986,leaf,

1 163,leaf,

1 1830,leaf,

1 175,leaf,

1 5757,leaf,

1 1421,non-leaf,

1 5185,leaf,

1 2378,non-leaf,

1 2307,leaf,

1 1215,leaf,

1 630,leaf,

1 1724,leaf,

1 2150,leaf,

1 916,leaf,

1 6161,leaf,

1 4322,leaf,

1 2004,leaf,

1 1234,leaf,

1 1434,leaf,

1 5355,non-leaf,

1 998,leaf,

1 263,leaf,

1 2143,non-leaf,

1 3533,non-leaf,

1 1604,leaf,

1 5885,leaf,

1 4057,leaf,

1 3965,leaf,

1 1559,leaf,

1 321,leaf,

1 2960,leaf,

1 2916,leaf,

1 3111,non-leaf,

1 3475,leaf,

1 834,leaf,

1 5571,leaf,

1 168,leaf,

1 719,leaf,

1 4292,leaf,

1 5686,leaf,

1 897,leaf,

1 1618,leaf,

1 5732,leaf,

1 3905,leaf,

1 1492,leaf,

1 138,leaf,

1 2286,leaf,

1 63,leaf,

1 4276,leaf,

1 4874,leaf,

1 4968,leaf,

1 1750,leaf,

1 672,leaf,

1 2878,leaf,

1 1192,leaf,

1 4323,leaf,

1 4041,leaf,

1 1927,leaf,

1 5333,non-leaf,

1 4665,leaf,

1 5204,leaf,

1 1924,leaf,

1 5367,leaf,

1 5711,non-leaf,

1 2481,leaf,

1 5072,leaf,

1 206,leaf,

1 266,leaf,

1 4115,leaf,

1 4004,leaf,

1 1721,non-leaf,

1 2414,leaf,

1 565,leaf,

1 1503,leaf,

1 650,leaf,

1 5099,non-leaf,

1 3889,non-leaf,

1 4248,leaf,

1 4466,leaf,

1 5280,leaf,

1 2293,leaf,

1 5674,leaf,

1 6141,leaf,

1 271,leaf,

1 1170,leaf,

1 2615,leaf,

1 440,leaf,

1 1331,leaf,

1 1629,leaf,

1 2673,leaf,

1 257,leaf,

1 2141,leaf,

1 1027,leaf,

1 3033,non-leaf,

1 2085,leaf,

1 2761,leaf,

1 5902,leaf,

1 927,leaf,

1 534,leaf,

1 2785,leaf,

1 3632,leaf,

1 1764,leaf,

1 2045,leaf,

1 967,leaf,

1 1288,non-leaf,

1 6072,leaf,

1 1194,leaf,

1 957,leaf,

1 1962,leaf,

1 4174,leaf,

1 3399,leaf,

1 3811,non-leaf,

1 2704,leaf,

1 5764,leaf,

1 2886,leaf,

1 1704,leaf,

1 5633,non-leaf,

1 3551,leaf,

1 5324,leaf,

1 4405,leaf,

1 1062,leaf,

1 1935,leaf,

1 3972,leaf,

1 6053,leaf,

1 4385,leaf,

1 1673,leaf,

1 1132,leaf,

1 713,leaf,

1 525,leaf,

1 3888,non-leaf,

1 3827,leaf,

1 3348,leaf,

1 81,leaf,

1 789,non-leaf,

1 515,leaf,

1 3720,leaf,

1 4891,leaf,

1 3510,leaf,

1 1950,leaf,

1 2106,leaf,

1 2912,leaf,

1 159,leaf,

1 1995,leaf,

1 5610,leaf,

1 188,non-leaf,

1 144,non-leaf,

1 393,leaf,

1 4141,leaf,

1 1873,leaf,

1 6156,leaf,

1 1446,leaf,

1 4305,leaf,

1 1116,leaf,

1 5147,leaf,

1 2302,leaf,

1 2235,leaf,

1 987,leaf,

1 2063,leaf,

1 3239,leaf,

1 1358,leaf,

1 469,leaf,

1 2700,non-leaf,

1 2736,leaf,

1 181,leaf,

1 4085,leaf,

1 4095,leaf,

1 1547,leaf,

1 2754,leaf,

1 6052,leaf,

1 4277,non-leaf,

1 551,leaf,

1 2496,leaf,

1 1103,leaf,

1 5847,leaf,

1 3290,leaf,

1 5811,non-leaf,

1 4945,leaf,

1 1661,leaf,

1 2973,leaf,

1 3144,non-leaf,

1 4685,leaf,

1 3895,leaf,

1 3704,leaf,

1 964,leaf,

1 4268,leaf,

1 666,non-leaf,

1 4187,leaf,

1 4029,leaf,

1 3764,leaf,

1 5603,leaf,

1 1919,leaf,

1 5669,leaf,

1 4583,leaf,

1 386,leaf,

1 4560,leaf,

1 3174,leaf,

1 305,leaf,

1 4298,leaf,

1 3472,leaf,

1 5103,leaf,

1 3797,leaf,

1 4789,non-leaf,

1 1725,leaf,

1 3297,leaf,

1 3520,leaf,

1 3903,leaf,

1 5969,leaf,

1 2681,leaf,

1 5744,non-leaf,

1 6066,non-leaf,

1 4126,leaf,

1 4101,leaf,

1 730,leaf,

1 129,leaf,

1 550,leaf,

1 4956,leaf,

1 4720,leaf,

1 872,leaf,

1 3093,leaf,

1 2132,non-leaf,

1 1590,leaf,

1 2537,leaf,

1 6026,leaf,

1 5575,leaf,

1 2433,non-leaf,

1 1660,leaf,

1 1410,non-leaf,

1 240,leaf,

1 2301,leaf,

1 4628,leaf,

1 787,leaf,

1 2174,leaf,

1 2312,leaf,

1 4658,leaf,

1 4951,leaf,

1 529,leaf,

1 111,non-leaf,

1 2046,leaf,

1 3387,leaf,

1 4994,leaf,

1 5150,leaf,

1 4729,leaf,

1 2047,leaf,

1 2571,leaf,

1 1643,non-leaf,

1 5784,leaf,

1 5751,leaf,

1 2103,leaf,

1 548,leaf,

1 4862,leaf,

1 5183,leaf,

1 521,leaf,

1 953,leaf,

1 1939,leaf,

1 4098,leaf,

1 5196,leaf,

1 2379,leaf,

1 5454,leaf,

1 6021,leaf,

1 375,leaf,

1 2780,leaf,

1 3147,leaf,

1 166,non-leaf,

1 3315,leaf,

1 4240,leaf,

1 4860,leaf,

1 3661,leaf,

1 5536,leaf,

1 1805,leaf,

1 2890,leaf,

1 3041,leaf,

1 2430,leaf,

1 1244,non-leaf,

1 3711,non-leaf,

1 4623,leaf,

1 4516,leaf,

1 3053,leaf,

1 4028,leaf,

1 323,leaf,

1 1890,leaf,

1 4939,leaf,

1 5189,leaf,

1 1486,leaf,

1 664,leaf,

1 1267,leaf,

1 4841,leaf,

1 2728,leaf,

1 1897,leaf,

1 1398,leaf,

1 429,leaf,

1 4868,leaf,

1 1711,leaf,

1 2195,leaf,

1 767,leaf,

1 2262,leaf,

1 1839,leaf,

1 5255,non-leaf,

1 3910,leaf,

1 2252,leaf,

1 2774,leaf,

1 2881,leaf,

1 331,leaf,

1 2249,leaf,

1 1982,leaf,

1 4849,leaf,

1 786,leaf,

1 2902,leaf,

1 451,leaf,

1 925,leaf,

1 5292,leaf,

1 4381,leaf,

1 1748,leaf,

1 16,leaf,

1 2487,leaf,

1 4846,leaf,

1 2283,leaf,

1 784,leaf,

1 6004,leaf,

1 1653,leaf,

1 2431,leaf,

1 2517,leaf,

1 868,leaf,

1 484,leaf,

1 1613,leaf,

1 893,leaf,

1 4686,leaf,

1 1098,leaf,

1 6133,non-leaf,

1 4213,leaf,

1 2266,leaf,

1 5037,leaf,

1 126,leaf,

1 176,leaf,

1 693,leaf,

1 1540,leaf,

1 5672,leaf,

1 2532,leaf,

1 1577,non-leaf,

1 6073,leaf,

1 6143,leaf,

1 734,leaf,

1 3952,leaf,

1 1910,non-leaf,

1 4100,leaf,

1 5728,leaf,

1 330,leaf,

1 4940,leaf,

1 3002,leaf,

1 2068,leaf,

1 2872,leaf,

1 3061,leaf,

1 5163,leaf,

1 93,leaf,

1 2560,leaf,

1 4965,leaf,

1 1581,leaf,

1 3130,leaf,

1 5186,leaf,

1 3401,leaf,

1 3306,leaf,

1 4905,leaf,

1 32,leaf,

1 3650,leaf,

1 3624,leaf,

1 3614,leaf,

1 5334,leaf,

1 3970,leaf,

1 3096,leaf,

1 1124,leaf,

1 2159,leaf,

1 2900,non-leaf,

1 3657,leaf,

1 4432,non-leaf,

1 1505,leaf,

1 656,leaf,

1 2170,leaf,

1 3310,non-leaf,

1 1984,leaf,

1 4436,leaf,

1 2635,leaf,

1 4589,non-leaf,

1 3127,leaf,

1 83,leaf,

1 448,leaf,

1 1339,leaf,

1 5373,leaf,

1 412,leaf,

1 2371,leaf,

1 3166,non-leaf,

1 3756,leaf,

1 5820,leaf,

1 1781,leaf,

1 4883,leaf,

1 2384,leaf,

1 5403,leaf,

1 4491,leaf,

1 1307,leaf,

1 1903,leaf,

1 5977,non-leaf,

1 2849,leaf,

1 1382,leaf,

1 1685,leaf,

1 741,leaf,

1 3531,leaf,

1 341,leaf,

1 3,leaf,

1 3330,leaf,

1 5513,leaf,

1 5510,non-leaf,

1 5011,non-leaf,

1 4178,leaf,

1 5473,leaf,

1 1921,non-leaf,

1 1801,leaf,

1 721,leaf,

1 4711,non-leaf,

1 5384,leaf,

1 4953,leaf,

1 4637,leaf,

1 5766,non-leaf,

1 3727,leaf,

1 3179,leaf,

1 2363,leaf,

1 4999,non-leaf,

1 5838,leaf,

1 4163,leaf,

1 1066,non-leaf,

1 4765,leaf,

1 5412,leaf,

1 1868,leaf,

1 1537,leaf,

1 5557,leaf,

1 2729,leaf,

1 2257,leaf,

1 5574,leaf,

1 3076,leaf,

1 3585,leaf,

1 3365,leaf,

1 4723,leaf,

1 1259,leaf,

1 3871,leaf,

1 2562,leaf,

1 2579,leaf,

1 4590,leaf,

1 3322,leaf,

1 2227,leaf,

1 3341,leaf,

1 1383,leaf,

1 5339,leaf,

1 191,leaf,

1 3110,non-leaf,

1 1363,leaf,

1 322,non-leaf,

1 4375,leaf,

1 5213,leaf,

1 3857,leaf,

1 5276,leaf,

1 4417,leaf,

1 3765,leaf,

1 6148,leaf,

1 1440,leaf,

1 39,leaf,

1 4400,leaf,

1 1881,leaf,

1 224,leaf,

1 1216,leaf,

1 1240,leaf,

1 647,leaf,

1 4850,leaf,

1 3631,leaf,

1 1668,leaf,

1 82,leaf,

1 497,leaf,

1 5092,leaf,

1 2101,leaf,

1 258,leaf,

1 2904,leaf,

1 648,leaf,

1 1539,leaf,

1 4236,leaf,

1 490,leaf,

1 3416,leaf,

1 3159,leaf,

1 2674,leaf,

1 2689,non-leaf,

1 4007,leaf,

1 190,leaf,

1 2958,leaf,

1 5775,leaf,

1 5491,leaf,

1 1210,non-leaf,

1 420,leaf,

1 1391,leaf,

1 3277,non-leaf,

1 4070,leaf,

1 2873,leaf,

1 5918,leaf,

1 2216,leaf,

1 2374,leaf,

1 5397,leaf,

1 3353,leaf,

1 2220,non-leaf,

1 1608,leaf,

1 1029,leaf,

1 2693,leaf,

1 2564,leaf,

1 4710,leaf,

1 2214,leaf,

1 833,non-leaf,

1 5463,leaf,

1 1959,leaf,

1 572,leaf,

1 5376,leaf,

1 2612,leaf,

1 2624,leaf,

1 4061,leaf,

1 1538,leaf,

1 649,leaf,

1 3862,leaf,

1 38,leaf,

1 2589,non-leaf,

1 6099,non-leaf,

1 4826,leaf,

1 3660,leaf,

1 1187,leaf,

1 4925,leaf,

1 1075,leaf,

1 944,non-leaf,

1 1526,leaf,

1 1396,leaf,

1 427,leaf,

1 3379,leaf,

1 4895,leaf,

1 4985,leaf,

1 1173,leaf,

1 1107,leaf,

1 3838,leaf,

1 1705,leaf,

1 3312,leaf,

1 5521,non-leaf,

1 255,leaf,

1 4538,leaf,

1 5827,leaf,

1 676,leaf,

1 2530,leaf,

1 606,leaf,

1 1209,leaf,

1 3258,leaf,

1 3762,leaf,

1 1108,leaf,

1 1077,non-leaf,

1 3248,leaf,

1 2753,leaf,

1 2191,leaf,

1 4142,leaf,

1 3321,non-leaf,

1 4092,leaf,

1 5881,leaf,

1 5652,leaf,

1 5990,leaf,

1 2939,leaf,

1 2359,leaf,

1 3083,leaf,

1 1490,leaf,

1 6039,leaf,

1 718,leaf,

1 2910,leaf,

1 5353,leaf,

1 805,leaf,

1 2335,leaf,

1 3544,non-leaf,

1 3044,non-leaf,

1 5284,leaf,

1 892,leaf,

1 3563,leaf,

1 6139,leaf,

1 4581,leaf,

1 4169,leaf,

1 1920,leaf,

1 4713,leaf,

1 749,leaf,

1 2684,leaf,

1 5259,leaf,

1 2410,leaf,

1 483,leaf,

1 2731,leaf,

1 4806,leaf,

1 4164,leaf,

1 5999,non-leaf,

1 1109,leaf,

1 2945,leaf,

1 4492,leaf,

1 2349,leaf,

1 5344,non-leaf,

1 5644,non-leaf,

1 4261,leaf,

1 237,leaf,

1 1707,leaf,

1 4921,leaf,

1 4699,leaf,

1 2303,leaf,

1 471,leaf,

1 1362,leaf,

1 3063,leaf,

1 2629,leaf,

1 3679,leaf,

1 3084,leaf,

1 658,leaf,

1 1045,leaf,

1 275,leaf,

1 2453,leaf,

1 1090,leaf,

1 4696,leaf,

1 280,leaf,

1 94,leaf,

1 2680,leaf,

1 4427,leaf,

1 908,leaf,

1 4927,leaf,

1 4534,leaf,

1 4457,leaf,

1 1136,leaf,

1 2255,leaf,

1 1146,leaf,

1 5896,leaf,

1 5098,leaf,

1 1338,leaf,

1 449,leaf,

1 4411,leaf,

1 5848,leaf,

1 4993,leaf,

1 6164,leaf,

1 5221,non-leaf,

1 5742,leaf,

1 312,leaf,

1 4988,non-leaf,

1 3771,leaf,

1 4498,leaf,

1 1449,leaf,

1 1264,leaf,

1 5326,leaf,

1 5912,leaf,

1 5532,non-leaf,

1 5021,leaf,

1 4036,leaf,

1 5143,leaf,

1 3242,leaf,

1 4189,leaf,

1 5525,leaf,

1 3801,leaf,

1 1821,non-leaf,

1 5385,leaf,

1 3976,leaf,

1 3466,leaf,

1 841,leaf,

1 4970,leaf,

1 3641,leaf,

1 287,leaf,

1 2396,leaf,

1 2749,leaf,

1 5873,leaf,

1 2029,leaf,

1 5291,leaf,

1 3673,leaf,

1 2462,leaf,

1 414,leaf,

1 549,leaf,

1 2217,leaf,

1 5551,leaf,

1 4972,leaf,

1 4572,leaf,

1 88,leaf,

1 4364,leaf,

1 6129,leaf,

1 5057,leaf,

1 262,leaf,

1 2776,leaf,

1 895,leaf,

1 48,leaf,

1 3486,leaf,

1 4068,leaf,

1 3320,leaf,

1 1779,leaf,

1 4303,leaf,

1 4515,leaf,

1 1118,leaf,

1 5261,leaf,

1 4669,leaf,

1 4840,leaf,

1 4834,leaf,

1 4569,leaf,

1 1399,non-leaf,

1 2521,leaf,

1 3235,leaf,

1 4093,leaf,

1 1793,leaf,

1 1514,leaf,

1 2091,leaf,

1 5645,leaf,

1 2679,leaf,

1 4443,non-leaf,

1 2376,leaf,

1 1083,leaf,

1 853,leaf,

1 3452,leaf,

1 5416,leaf,

1 5421,non-leaf,

1 5642,leaf,

1 1217,leaf,

1 632,leaf,

1 4532,leaf,

1 5237,leaf,

1 4214,leaf,

1 5607,leaf,

1 3139,leaf,

1 3201,leaf,

1 5624,leaf,

1 3612,leaf,

1 2932,leaf,

1 1127,leaf,

1 2895,leaf,

1 2052,leaf,

1 4396,leaf,

1 3999,non-leaf,

1 2055,leaf,

1 3244,non-leaf,

1 1733,leaf,

1 4793,leaf,

1 6088,non-leaf,

1 5082,leaf,

1 2415,leaf,

1 3851,leaf,

1 4049,leaf,

1 1068,leaf,

1 5961,leaf,

1 5719,leaf,

1 5154,leaf,

1 4989,leaf,

1 3913,leaf,

1 3967,leaf,

1 5772,leaf,

1 1469,leaf,

1 242,leaf,

1 641,leaf,

1 3202,leaf,

1 4864,leaf,

1 2288,leaf,

1 2771,leaf,

1 5444,non-leaf,

1 290,leaf,

1 502,leaf,

1 2126,leaf,

1 4267,leaf,

1 5382,leaf,

1 3280,leaf,

1 3968,leaf,

1 3741,leaf,

1 2622,non-leaf,

1 2010,non-leaf,

1 988,non-leaf,

1 2389,non-leaf,

1 4906,leaf,

1 2506,leaf,

1 3798,leaf,

1 2043,non-leaf,

1 5240,leaf,

1 3508,leaf,

1 5863,leaf,

1 2318,leaf,

1 5753,leaf,

1 2158,leaf,

1 4913,leaf,

1 3550,leaf,

1 1844,leaf,

1 2151,leaf,

1 2070,leaf,

1 4651,leaf,

1 1257,leaf,

1 4469,leaf,

1 5502,leaf,

1 3700,non-leaf,

1 1814,leaf,

1 5505,leaf,

1 1172,leaf,

1 1550,leaf,

1 3781,leaf,

1 2030,leaf,

1 2138,leaf,

1 4871,leaf,

1 395,leaf,

1 2221,non-leaf,

1 4809,leaf,

1 4107,leaf,

1 1433,leaf,

1 943,leaf,

1 4920,leaf,

1 3969,leaf,

1 218,leaf,

1 2911,non-leaf,

1 3768,leaf,

1 3487,leaf,

1 867,leaf,

1 4632,leaf,

1 635,leaf,

1 1308,leaf,

1 4415,leaf,

1 5883,leaf,

1 2989,leaf,

1 4533,non-leaf,

1 5864,leaf,

1 3830,leaf,

1 2777,non-leaf,

1 1018,leaf,

1 1453,leaf,

1 5972,leaf,

1 4055,non-leaf,

1 597,leaf,

1 3956,leaf,

1 3926,leaf,

1 4362,leaf,

1 1450,leaf,

1 6122,non-leaf,

1 2567,non-leaf,

1 3019,leaf,

1 915,leaf,

1 5305,leaf,

1 4274,leaf,

1 5391,leaf,

1 2001,leaf,

1 4750,leaf,

1 5670,leaf,

1 2883,leaf,

1 2134,leaf,

1 3473,leaf,

1 832,leaf,

1 5340,leaf,

1 3684,leaf,

1 2113,leaf,

1 4870,leaf,

1 4564,leaf,

1 2713,leaf,

1 5400,leaf,

1 164,leaf,

1 1943,non-leaf,

1 1091,leaf,

1 277,leaf,

1 514,leaf,

1 5406,leaf,

1 5461,leaf,

1 4872,leaf,

1 3457,leaf,

1 856,leaf,

1 4348,leaf,

1 4484,leaf,

1 1785,leaf,

1 5184,leaf,

1 2526,leaf,

1 3092,leaf,

1 1862,leaf,

1 362,leaf,

1 2246,leaf,

1 3740,leaf,

1 4119,leaf,

1 1175,leaf,

1 812,leaf,

1 4824,leaf,

1 5850,leaf,

1 5740,leaf,

1 1251,leaf,

1 3528,leaf,

1 3978,leaf,

1 5597,leaf,

1 2623,leaf,

1 6087,leaf,

1 4392,leaf,

1 5538,leaf,

1 3655,non-leaf,

1 1009,leaf,

1 4150,leaf,

1 3875,leaf,

1 3823,leaf,

1 520,leaf,

1 5543,non-leaf,

1 747,leaf,

1 633,non-leaf,

1 135,leaf,

1 6140,leaf,

1 3751,leaf,

1 2345,non-leaf,

1 4963,leaf,

1 5075,leaf,

1 4647,leaf,

1 4558,leaf,

1 4317,leaf,

1 1807,leaf,

1 2144,leaf,

1 4973,leaf,

1 3858,leaf,

1 3947,leaf,

1 4075,leaf,

1 6060,leaf,

1 189,leaf,

1 2237,leaf,

1 5055,non-leaf,

1 5002,leaf,

1 3260,leaf,

1 2504,leaf,

1 4627,leaf,

1 2476,leaf,

1 2863,leaf,

1 3009,leaf,

1 4461,leaf,

1 3013,leaf,

1 3333,non-leaf,

1 5800,non-leaf,

1 4869,leaf,

1 6019,leaf,

1 1354,leaf,

1 465,leaf,

1 1024,leaf,

1 2788,leaf,

1 4911,non-leaf,

1 4026,leaf,

1 5517,leaf,

1 1811,leaf,

1 4853,leaf,

1 2976,leaf,

1 2245,non-leaf,

1 4359,leaf,

1 3196,leaf,

1 2194,leaf,

1 353,leaf,

1 3295,leaf,

1 5875,leaf,

1 2802,leaf,

1 5465,leaf,

1 907,leaf,

1 4428,leaf,

1 2832,leaf,

1 6167,leaf,

1 18,leaf,

1 3755,non-leaf,

1 2337,leaf,

1 1096,leaf,

1 3723,leaf,

1 4929,leaf,

1 5605,leaf,

1 3311,leaf,

1 4776,leaf,

1 3532,leaf,

1 3247,leaf,

1 3303,leaf,

1 1477,non-leaf,

1 2726,leaf,

1 3718,leaf,

1 69,leaf,

1 1140,leaf,

1 1692,leaf,

1 2308,leaf,

1 1470,leaf,

1 1541,leaf,

1 692,leaf,

1 3223,leaf,

1 1335,leaf,

1 3985,leaf,

1 5155,non-leaf,

1 5452,leaf,

1 942,leaf,

1 591,leaf,

1 735,leaf,

1 3912,leaf,

1 1040,leaf,

1 5388,non-leaf,

1 1718,leaf,

1 6136,leaf,

1 855,non-leaf,

1 3636,leaf,

1 2480,leaf,

1 5117,leaf,

1 3802,leaf,

1 2310,leaf,

1 4613,leaf,

1 6071,leaf,

1 3527,leaf,

1 4817,leaf,

1 5074,leaf,

1 5023,leaf,

1 2247,leaf,

1 2884,leaf,

1 2595,leaf,

1 1055,non-leaf,

1 3376,leaf,

1 2715,leaf,

1 2171,leaf,

1 1565,leaf,

1 612,leaf,

1 2721,leaf,

1 4948,leaf,

1 2062,leaf,

1 480,leaf,

1 4129,leaf,

1 5877,non-leaf,

1 4575,leaf,

1 4863,leaf,

1 1183,leaf,

1 1992,leaf,

1 3538,leaf,

1 2133,leaf,

1 3961,leaf,

1 5979,leaf,

1 2947,leaf,

1 5270,leaf,

1 3694,leaf,

1 2951,leaf,

1 2663,leaf,

1 545,leaf,

1 2438,leaf,

1 340,leaf,

1 3513,leaf,

1 4449,leaf,

1 4827,leaf,

1 97,leaf,

1 13,leaf,

1 3415,leaf,

1 3504,leaf,

1 2465,leaf,

1 1536,leaf,

1 1085,leaf,

1 6036,leaf,

1 4422,leaf,

1 1976,non-leaf,

1 3776,leaf,

1 3748,leaf,

1 4063,leaf,

1 5539,leaf,

1 689,non-leaf,

1 1687,leaf,

1 3381,leaf,

1 5518,leaf,

1 68,leaf,

1 5224,leaf,

1 3848,leaf,

1 2990,leaf,

1 2741,leaf,

1 1050,leaf,

1 339,leaf,

1 464,leaf,

1 1713,leaf,

1 3831,leaf,

1 1703,leaf,

1 4370,leaf,

1 3482,leaf,

1 4979,leaf,

1 3369,leaf,

1 1879,leaf,

1 1401,leaf,

1 586,leaf,

1 678,non-leaf,

1 4059,leaf,

1 5913,leaf,

1 157,leaf,

1 4727,leaf,

1 4393,leaf,

1 2470,leaf,

1 3915,leaf,

1 1460,leaf,

1 1152,leaf,

1 1409,leaf,

1 4777,non-leaf,

1 2745,leaf,

1 2980,leaf,

1 2233,leaf,

1 2727,leaf,

1 2123,leaf,

1 12,leaf,

1 871,leaf,

1 3430,leaf,

1 3778,non-leaf,

1 5209,leaf,

1 1759,leaf,

1 10,leaf,

1 862,leaf,

1 3441,leaf,

1 4844,non-leaf,

1 1761,leaf,

1 4000,non-leaf,

1 3046,leaf,

1 5362,leaf,

1 4527,leaf,

1 3615,leaf,

1 3605,leaf,

1 3152,leaf,

1 1970,leaf,

1 4981,leaf,

1 2181,leaf,

1 4083,leaf,

1 1239,leaf,

1 1276,leaf,

1 4154,leaf,

1 3884,leaf,

1 1646,leaf,

1 2265,leaf,

1 3745,leaf,

1 4902,leaf,

1 809,leaf,

1 4410,non-leaf,

1 4495,leaf,

1 6056,leaf,

1 5352,leaf,

1 1030,leaf,

1 753,leaf,

1 3167,leaf,

1 5202,leaf,

1 5317,leaf,

1 1878,leaf,

1 6113,leaf,

1 325,leaf,

1 5490,leaf,

1 1709,leaf,

1 2593,leaf,

1 3836,leaf,

1 1166,non-leaf,

1 1038,leaf,

1 826,leaf,

1 5771,leaf,

1 5104,leaf,

1 3060,leaf,

1 5192,leaf,

1 5763,leaf,

1 660,leaf,

1 1263,leaf,

1 5431,leaf,

1 3594,leaf,

1 947,leaf,

1 3920,leaf,

1 4738,leaf,

1 3180,leaf,

1 3495,leaf,

1 5826,leaf,

1 2464,leaf,

1 5866,non-leaf,

1 4695,leaf,

1 2889,non-leaf,

1 3238,leaf,

1 5497,leaf,

1 4325,leaf,

1 3795,leaf,

1 2919,leaf,

1 5296,leaf,

1 1664,leaf,

1 4668,leaf,

1 430,leaf,

1 3301,leaf,

1 2483,leaf,

1 5267,leaf,

1 4916,leaf,

1 2971,leaf,

1 4402,leaf,

1 2847,leaf,

1 1836,leaf,

1 3071,leaf,

1 3047,leaf,

1 4064,leaf,

1 6111,non-leaf,

1 1153,leaf,

1 5716,leaf,

1 737,leaf,

1 5806,leaf,

1 3766,non-leaf,

1 3515,leaf,

1 2360,leaf,

1 3608,leaf,

1 3229,leaf,

1 4567,non-leaf,

1 3494,leaf,

1 1770,leaf,

1 4021,leaf,

1 1292,leaf,

1 629,leaf,

1 3251,leaf,

1 1755,leaf,

1 4773,leaf,

1 1620,leaf,

1 560,leaf,

1 3518,leaf,

1 1956,leaf,

1 5234,leaf,

1 4813,leaf,

1 4229,leaf,

1 151,leaf,

1 2173,leaf,

1 4019,leaf,

1 5166,non-leaf,

1 3595,leaf,

1 2153,leaf,

1 5656,leaf,

1 1255,non-leaf,

1 6118,leaf,

1 3323,leaf,

1 3016,leaf,

1 1120,leaf,

1 123,leaf,

1 991,leaf,

1 817,leaf,

1 6106,leaf,

1 6048,leaf,

1 2580,leaf,

1 3825,leaf,

1 4884,leaf,

1 801,leaf,

1 5341,leaf,

1 5396,leaf,

1 2050,leaf,

1 3843,leaf,

1 473,leaf,

1 3191,leaf,

1 2277,leaf,

1 1188,non-leaf,

1 62,leaf,

1 1999,non-leaf,

1 5586,leaf,

1 342,leaf,

1 6069,leaf,

1 2354,leaf,

1 6040,leaf,

1 5592,leaf,

1 3855,non-leaf,

1 1518,leaf,

1 4778,non-leaf,

1 4704,leaf,

1 5709,leaf,

1 4800,non-leaf,

1 1645,leaf,

1 3572,leaf,

1 2558,leaf,

1 3744,non-leaf,

1 3941,leaf,

1 813,leaf,

1 3426,leaf,

1 2048,leaf,

1 702,leaf,

1 3354,leaf,

1 3300,leaf,

1 3468,leaf,

1 3228,leaf,

1 4161,leaf,

1 185,leaf,

1 5635,leaf,

1 2232,leaf,

1 4037,leaf,

1 3199,non-leaf,

1 981,leaf,

1 3992,leaf,

1 3932,leaf,

1 2743,leaf,

1 686,leaf,

1 3436,leaf,

1 3566,leaf,

1 1978,leaf,

1 3779,leaf,

1 4103,leaf,

1 2816,leaf,

1 4350,leaf,

1 1169,leaf,

1 5091,leaf,

1 1676,leaf,

1 4120,leaf,

1 2757,leaf,

1 758,leaf,

1 434,leaf,

1 622,non-leaf,

1 1221,non-leaf,

1 3329,leaf,

1 5144,non-leaf,

1 1208,leaf,

1 607,leaf,

1 2355,leaf,

1 4224,leaf,

1 1960,leaf,

1 6119,leaf,

1 3758,leaf,

1 2401,leaf,

1 4802,leaf,

1 3342,leaf,

1 1746,leaf,

1 3732,leaf,

1 1350,leaf,

1 461,leaf,

1 6170,leaf,

1 3373,leaf,

1 3212,leaf,

1 5964,leaf,

1 2768,leaf,

1 146,leaf,

1 4666,non-leaf,

1 4690,leaf,

1 1454,leaf,

1 446,leaf,

1 1337,leaf,

1 445,non-leaf,

1 4419,leaf,

1 5696,leaf,

1 2322,non-leaf,

1 4796,leaf,

1 1857,leaf,

1 5018,leaf,

1 4454,leaf,

1 3488,leaf,

1 5157,leaf,

1 41,leaf,

1 3890,leaf,

1 4314,leaf,

1 132,leaf,

1 108,leaf,

1 3422,non-leaf,

1 1820,leaf,

1 4688,leaf,

1 118,leaf,

1 3255,non-leaf,

1 5595,leaf,

1 4857,leaf,

1 1872,leaf,

1 385,leaf,

1 4206,leaf,

1 804,leaf,

1 5598,leaf,

1 6031,leaf,

1 2315,leaf,

1 4922,non-leaf,

1 5680,leaf,

1 4201,leaf,

1 3898,leaf,

1 1414,leaf,

1 1947,leaf,

1 3793,leaf,

1 2281,leaf,

1 4233,non-leaf,

1 3463,leaf,

1 3565,leaf,

1 5880,leaf,

1 3217,leaf,

1 771,leaf,

1 1560,leaf,

1 4406,leaf,

1 5222,non-leaf,

1 5920,leaf,

1 1147,leaf,

1 1831,leaf,

1 4955,non-leaf,

1 1507,leaf,

1 2758,leaf,

1 5455,non-leaf,

1 3853,leaf,

1 5125,leaf,

1 4273,leaf,

1 4766,non-leaf,

1 3713,leaf,

1 6102,leaf,

1 1273,leaf,

1 616,leaf,

1 406,leaf,

1 1387,leaf,

1 418,leaf,

1 5139,leaf,

1 5761,leaf,

1 3188,non-leaf,

1 3055,non-leaf,

1 2524,leaf,

1 1564,leaf,

1 5379,leaf,

1 5891,leaf,

1 5792,leaf,

1 1218,leaf,

1 4828,leaf,

1 431,leaf,

1 4468,leaf,

1 761,leaf,

1 2969,leaf,

1 4974,leaf,

1 524,leaf,

1 1584,leaf,

1 2683,leaf,

1 274,leaf,

1 4744,non-leaf,

1 3697,leaf,

1 27,leaf,

1 5583,leaf,

1 4577,leaf,

1 5030,leaf,

1 3123,leaf,

1 829,leaf,

1 294,leaf,

1 5321,non-leaf,

1 1589,leaf,

1 1343,leaf,

1 454,leaf,

1 3136,leaf,

1 5546,leaf,

1 4603,leaf,

1 5218,leaf,

1 3462,leaf,

1 845,leaf,

1 4343,leaf,

1 4307,leaf,

1 2752,leaf,

1 2437,leaf,

1 5364,leaf,

1 1003,leaf,

1 5095,leaf,

1 2190,leaf,

1 3460,leaf,

1 847,leaf,

1 4705,leaf,

1 5743,leaf,

1 3940,leaf,

1 965,leaf,

1 2633,non-leaf,

1 3749,leaf,

1 1465,leaf,

1 4573,leaf,

1 4819,leaf,

1 1082,leaf,

1 2292,leaf,

1 5398,leaf,

1 1442,leaf,

1 5931,leaf,

1 4682,leaf,

1 839,leaf,

1 253,leaf,

1 711,non-leaf,

1 2152,leaf,

1 2614,leaf,

1 2041,leaf,

1 336,leaf,

1 2691,leaf,

1 4456,non-leaf,

1 873,leaf,

1 3432,leaf,

1 2167,leaf,

1 161,leaf,

1 1156,leaf,

1 1522,leaf,

1 3099,non-leaf,

1 455,leaf,

1 1342,leaf,

1 1786,leaf,

1 1739,leaf,

1 4234,leaf,

1 5063,leaf,

1 1461,leaf,

1 5446,leaf,

1 1717,leaf,

1 5734,leaf,

1 5760,leaf,

1 1439,leaf,

1 1487,leaf,

1 2130,leaf,

1 2098,non-leaf,

1 125,leaf,

1 1515,leaf,

1 4565,leaf,

1 6090,leaf,

1 731,leaf,

1 2661,leaf,

1 1197,leaf,

1 2038,leaf,

1 3038,leaf,

1 400,non-leaf,

1 3118,leaf,

1 4652,leaf,

1 3602,leaf,

1 2192,leaf,

1 3909,leaf,

1 3026,leaf,

1 585,leaf,

1 531,leaf,

1 5638,leaf,

1 5749,leaf,

1 3349,leaf,

1 2690,leaf,

1 1206,leaf,

1 609,leaf,

1 3100,leaf,

1 2851,leaf,

1 1866,leaf,

1 2094,leaf,

1 3189,leaf,

1 5466,non-leaf,

1 882,leaf,

1 2175,leaf,

1 402,leaf,

1 1373,leaf,

1 1740,leaf,

1 6124,leaf,

1 4046,leaf,

1 5606,leaf,

1 5713,leaf,

1 3805,leaf,

1 1014,leaf,

1 2709,leaf,

1 2003,leaf,

1 4326,leaf,

1 5852,leaf,

1 2737,leaf,

1 3221,non-leaf,

1 291,leaf,

1 1044,non-leaf,

1 3639,leaf,

1 4851,leaf,

1 1638,leaf,

1 3286,leaf,

1 1838,leaf,

1 344,leaf,

1 4464,leaf,

1 5981,leaf,

1 3989,leaf,

1 5648,leaf,

1 1649,leaf,

1 2807,leaf,

1 5314,leaf,

1 608,leaf,

1 1207,leaf,

1 5944,non-leaf,

1 2793,leaf,

1 2522,non-leaf,

1 1578,leaf,

1 4357,leaf,

1 4549,leaf,

1 4444,non-leaf,

1 5472,leaf,

1 1010,leaf,

1 1064,leaf,

1 4269,leaf,

1 1634,leaf,

1 5335,leaf,

1 3039,leaf,

1 2523,leaf,

1 669,leaf,

1 668,leaf,

1 866,non-leaf,

1 3445,non-leaf,

1 806,leaf,

1 4407,leaf,

1 4626,leaf,

1 1324,leaf,

1 4759,leaf,

1 58,leaf,

1 1070,leaf,

1 2409,leaf,

1 1595,leaf,

1 3395,leaf,

1 1556,leaf,

1 785,leaf,

1 413,leaf,

1 5803,leaf,

1 1428,leaf,

1 750,leaf,

1 3739,leaf,

1 5815,leaf,

1 3927,leaf,

1 1706,leaf,

1 4582,leaf,

1 1149,leaf,

1 5868,leaf,

1 699,leaf,

1 2936,leaf,

1 196,leaf,

1 5627,leaf,

1 1580,leaf,

1 4315,leaf,

1 4479,leaf,

1 1254,leaf,

1 6,leaf,

1 1819,leaf,

1 5904,leaf,

1 5630,leaf,

1 4374,leaf,

1 5916,leaf,

1 3865,leaf,

1 2446,leaf,

1 2146,leaf,

1 2198,non-leaf,

1 5700,non-leaf,

1 5807,leaf,

1 3429,leaf,

1 5973,leaf,

1 4271,leaf,

1 2149,leaf,

1 5046,leaf,

1 2972,leaf,

1 79,leaf,

1 5697,leaf,

1 2942,leaf,

1 1736,leaf,

1 1148,leaf,

1 5354,leaf,

1 3789,non-leaf,

1 5983,leaf,

1 351,leaf,

1 2013,leaf,

1 982,leaf,

1 2183,leaf,

1 5007,leaf,

1 1723,leaf,

1 1896,leaf,

1 2885,leaf,

1 3603,leaf,

1 5996,leaf,

1 2311,non-leaf,

1 5212,leaf,

1 3394,leaf,

1 1129,leaf,

1 1619,leaf,

1 4818,leaf,

1 4555,non-leaf,

1 1021,leaf,

1 1431,leaf,

1 3206,leaf,

1 646,leaf,

1 1241,leaf,

1 3997,leaf,

1 1059,leaf,

1 2225,leaf,

1 4574,leaf,

1 3981,leaf,

1 938,leaf,

1 3814,leaf,

1 5251,leaf,

1 6068,leaf,

1 2148,leaf,

1 3670,leaf,

1 3974,leaf,

1 2979,leaf,

1 5418,leaf,

1 72,leaf,

1 259,leaf,

1 5172,leaf,

1 715,leaf,

1 52,leaf,

1 2991,leaf,

1 743,leaf,

1 562,leaf,

1 5584,leaf,

1 5564,leaf,

1 1193,leaf,

1 2675,leaf,

1 2256,non-leaf,

1 478,non-leaf,

1 6008,leaf,

1 3936,leaf,

1 5841,leaf,

1 5159,leaf,

1 2014,leaf,

1 5879,leaf,

1 1279,leaf,

1 2843,leaf,

1 2583,leaf,

1 5085,leaf,

1 738,leaf,

1 6005,leaf,

1 3993,leaf,

1 5568,leaf,

1 5810,leaf,

1 1517,leaf,

1 2533,non-leaf,

1 2459,leaf,

1 4008,leaf,

1 4312,leaf,

1 2026,leaf,

1 3408,leaf,

1 217,leaf,

1 4018,leaf,

1 5724,leaf,

1 3141,leaf,

1 2877,non-leaf,

1 1611,leaf,

1 101,leaf,

1 5908,leaf,

1 4820,leaf,

1 2998,leaf,

1 4961,leaf,

1 3423,leaf,

1 5729,leaf,

1 3245,leaf,

1 1020,leaf,

1 98,leaf,

1 3708,leaf,

1 318,leaf,

1 117,leaf,

1 1408,leaf,

1 5480,leaf,

1 5929,leaf,

1 1162,leaf,

1 4153,leaf,

1 3361,leaf,

1 1988,leaf,

1 5343,leaf,

1 2787,leaf,

1 1106,leaf,

1 396,leaf,

1 5685,leaf,

1 2328,leaf,

1 3266,non-leaf,

1 2127,leaf,

1 2698,leaf,

1 1633,leaf,

1 6134,leaf,

1 2634,leaf,

1 929,leaf,

1 517,leaf,

1 6023,leaf,

1 4,leaf,

1 293,leaf,

1 3580,leaf,

1 3170,leaf,

1 1074,leaf,

1 2020,leaf,

1 584,leaf,

1 922,non-leaf,

1 3819,leaf,

1 5782,leaf,

1 3593,leaf,

1 2110,non-leaf,

1 2215,leaf,

1 706,leaf,

1 5332,non-leaf,

1 145,leaf,

1 2299,leaf,

1 762,leaf,

1 3334,non-leaf,

1 5681,leaf,

1 5617,leaf,

1 1425,leaf,

1 2061,leaf,

1 1568,leaf,

1 3478,non-leaf,

1 3984,leaf,

1 1478,leaf,

1 2188,leaf,

1 2066,leaf,

1 2708,leaf,

1 904,leaf,

1 5987,leaf,

1 5621,leaf,

1 221,non-leaf,

1 3004,leaf,

1 3558,leaf,

1 5161,leaf,

1 2805,leaf,

1 5705,leaf,

1 4301,leaf,

1 3625,leaf,

1 2434,leaf,

1 1825,leaf,

1 5528,leaf,

1 537,leaf,

1 3549,leaf,

1 3506,leaf,

1 3929,leaf,

1 4196,leaf,

1 1651,leaf,

1 5206,leaf,

1 3316,leaf,

1 4012,leaf,

1 4430,leaf,

1 5,leaf,

1 1039,leaf,

1 5845,leaf,

1 479,leaf,

1 5558,leaf,

1 4947,leaf,

1 811,non-leaf,

1 6074,leaf,

1 335,leaf,

1 2005,leaf,

1 1278,leaf,

1 5449,leaf,

1 728,leaf,

1 5971,leaf,

1 970,leaf,

1 4256,leaf,

1 3057,leaf,

1 1719,leaf,

1 4992,leaf,

1 751,leaf,

1 3501,leaf,

1 960,leaf,

1 2500,non-leaf,

1 5545,leaf,

1 3928,leaf,

1 5128,leaf,

1 2336,leaf,

1 2607,leaf,

1 1229,leaf,

1 1854,non-leaf,

1 778,non-leaf,

1 5401,leaf,

1 3439,leaf,

1 878,leaf,

1 5572,leaf,

1 5692,leaf,

1 4065,leaf,

1 2164,leaf,

1 5524,leaf,

1 3949,leaf,

1 174,leaf,

1 2285,leaf,

1 487,leaf,

1 4282,leaf,

1 583,leaf,

1 173,leaf,

1 3411,non-leaf,

1 4838,leaf,

1 5562,leaf,

1 3881,leaf,

1 78,non-leaf,

1 4077,non-leaf,

1 5872,leaf,

1 136,leaf,

1 4509,leaf,

1 177,non-leaf,

1 2940,leaf,

1 4700,non-leaf,

1 1682,leaf,

1 4683,leaf,

1 387,leaf,

1 2187,non-leaf,

1 4609,leaf,

1 860,leaf,

1 3443,leaf,

1 2804,leaf,

1 377,leaf,

1 1952,leaf,

1 90,leaf,

1 3378,non-leaf,

1 5720,leaf,

1 5786,leaf,

1 5279,leaf,

1 6035,leaf,

1 4792,leaf,

1 996,leaf,

1 5174,leaf,

1 2659,leaf,

1 2825,leaf,

1 3241,leaf,

1 2140,leaf,

1 6084,leaf,

1 2781,leaf,

1 5377,non-leaf,

1 3500,non-leaf,

1 3356,non-leaf,

1 5812,leaf,

1 5578,non-leaf,

1 5017,leaf,

1 6041,leaf,

1 4331,leaf,

1 5468,leaf,

1 2089,leaf,

1 4237,leaf,

1 3715,leaf,

1 3103,leaf,

1 4531,leaf,

1 5149,leaf,

1 4138,leaf,

1 6130,leaf,

1 357,leaf,

1 1833,leaf,

1 6042,leaf,

1 4842,leaf,

1 4160,leaf,

1 5160,leaf,

1 2515,leaf,

1 3880,leaf,

1 5659,leaf,

1 4937,leaf,

1 5556,non-leaf,

1 756,leaf,

1 9,leaf,

1 4458,leaf,

1 2582,leaf,

1 3902,leaf,

1 2120,leaf,

1 1530,leaf,

1 5701,leaf,

1 2484,leaf,

1 3882,leaf,

1 4148,leaf,

1 5797,leaf,

1 2296,leaf,

1 1926,leaf,

1 1937,leaf,

1 4556,non-leaf,

1 195,leaf,

1 4712,leaf,

1 1809,leaf,

1 3296,leaf,

1 2941,leaf,

1 4318,leaf,

1 2934,leaf,

1 4218,leaf,

1 4257,leaf,

1 4294,leaf,

1 790,leaf,

1 2440,leaf,

1 2738,leaf,

1 5080,leaf,

1 1177,non-leaf,

1 780,leaf,

1 4467,non-leaf,

1 6123,leaf,

1 963,leaf,

1 4899,leaf,

1 677,leaf,

1 3502,leaf,

1 106,leaf,

1 2798,leaf,

1 4088,non-leaf,

1 6149,leaf,

1 5436,leaf,

1 5942,leaf,

1 4418,leaf,

1 80,leaf,

1 227,leaf,

1 3986,leaf,

1 4909,leaf,

1 2983,leaf,

1 87,leaf,

1 394,leaf,

1 2059,leaf,

1 4649,leaf,

1 5900,non-leaf,

1 4354,leaf,

1 2994,leaf,

1 57,leaf,

1 1549,leaf,

1 2203,leaf,

1 975,leaf,

1 61,leaf,

1 910,leaf,

1 1616,leaf,

1 3587,leaf,

1 1654,non-leaf,

1 5285,leaf,

1 1061,leaf,

1 127,leaf,

1 3014,leaf,

1 5799,leaf,

1 5065,leaf,

1 6013,leaf,

1 1394,leaf,

1 425,leaf,

1 5534,leaf,

1 3770,leaf,

1 2099,leaf,

1 5776,leaf,

1 2083,leaf,

1 3899,leaf,

1 3095,leaf,

1 931,leaf,

1 918,leaf,

1 1155,non-leaf,

1 165,leaf,

1 4287,leaf,

1 556,non-leaf,

1 745,leaf,

1 4786,leaf,

1 723,leaf,

1 5056,leaf,

1 1882,leaf,

1 450,leaf,

1 6064,leaf,

1 4330,leaf,

1 5451,leaf,

1 2585,leaf,

1 3849,leaf,

1 1610,non-leaf,

1 1977,leaf,

1 6022,non-leaf,

1 884,leaf,

1 4670,leaf,

1 4614,leaf,

1 4118,leaf,

1 3157,leaf,

1 3813,leaf,

1 1137,leaf,

1 864,leaf,

1 3447,leaf,

1 2385,leaf,

1 5459,leaf,

1 4958,leaf,

1 2259,leaf,

1 2056,leaf,

1 3205,leaf,

1 2640,leaf,

1 4903,leaf,

1 5698,leaf,

1 2543,leaf,

1 5793,leaf,

1 504,leaf,

1 2447,leaf,

1 1056,leaf,

1 966,non-leaf,

1 5508,leaf,

1 5199,non-leaf,

1 3194,leaf,

1 476,leaf,

1 5245,leaf,

1 369,leaf,

1 3371,leaf,

1 4030,leaf,

1 2892,leaf,

1 3086,leaf,

1 1834,leaf,

1 3132,leaf,

1 1696,leaf,

1 1305,leaf,

1 3263,leaf,

1 3613,leaf,

1 4659,leaf,

1 5651,leaf,

1 2490,leaf,

1 3240,leaf,

1 2764,leaf,

1 4144,non-leaf,

1 2274,leaf,

1 5858,leaf,

1 810,leaf,

1 1322,leaf,

1 4460,leaf,

1 2923,leaf,

1 1871,leaf,

1 5693,leaf,

1 4661,leaf,

1 3404,leaf,

1 783,leaf,

1 6154,leaf,

1 2866,non-leaf,

1 2705,leaf,

1 3672,leaf,

1 5064,leaf,

1 5618,leaf,

1 4387,leaf,

1 3642,leaf,

1 6152,leaf,

1 6131,leaf,

1 143,leaf,

1 2848,leaf,

1 134,leaf,

1 3480,leaf,

1 4102,leaf,

1 4017,leaf,

1 1591,leaf,

1 4873,leaf,

1 4368,leaf,

1 4655,non-leaf,

1 2499,leaf,

1 4266,non-leaf,

1 3788,leaf,

1 2076,non-leaf,

1 5928,leaf,

1 5425,leaf,

1 2131,leaf,

1 3546,leaf,

1 4880,leaf,

1 285,leaf,

1 2200,leaf,

1 6043,leaf,

1 824,leaf,

1 1986,leaf,

1 2210,leaf,

1 5948,leaf,

1 4199,non-leaf,

1 5481,leaf,

1 2333,non-leaf,

1 4223,leaf,

1 3146,leaf,

1 5945,leaf,

1 3164,leaf,

1 4117,leaf,

1 4194,leaf,

1 1911,leaf,

1 3524,leaf,

1 3366,leaf,

1 2577,leaf,

1 3503,leaf,

1 1867,leaf,

1 1372,leaf,

1 403,leaf,

1 2115,leaf,

1 2427,leaf,

1 2844,non-leaf,

1 567,non-leaf,

1 2985,leaf,

1 2095,leaf,

1 2899,leaf,

1 624,leaf,

1 1227,leaf,

1 1948,leaf,

1 210,non-leaf,

1 985,leaf,

1 4933,non-leaf,

1 1804,leaf,

1 2853,leaf,

1 4733,non-leaf,

1 4108,leaf,

1 3010,leaf,

1 825,leaf,

1 3812,leaf,

1 1895,leaf,

1 561,leaf,

1 364,leaf,

1 4123,leaf,

1 5679,leaf,

1 4244,non-leaf,

1 2905,leaf,

1 4131,leaf,

1 4587,leaf,

1 3747,leaf,

1 4134,leaf,

1 3351,leaf,

1 2748,leaf,

1 5889,non-leaf,

1 5612,leaf,

1 4306,leaf,

1 4338,leaf,

1 1712,leaf,

1 2289,non-leaf,

1 4757,leaf,

1 5963,leaf,

1 5390,leaf,

1 1843,non-leaf,

1 2756,leaf,

1 4717,leaf,

1 1295,leaf,

1 1299,non-leaf,

1 4252,leaf,

1 211,leaf,

1 2021,non-leaf,

1 2868,leaf,

1 2546,leaf,

1 1484,leaf,

1 2630,leaf,

1 1778,leaf,

1 1563,leaf,

1 3003,leaf,

1 2618,leaf,

1 4470,leaf,

1 3783,leaf,

1 6007,leaf,

1 5269,leaf,

1 3069,leaf,

1 4889,non-leaf,

1 4279,leaf,

1 2898,leaf,

1 3446,leaf,

1 865,leaf,

1 1303,leaf,

1 1527,leaf,

1 2502,leaf,

1 956,leaf,

1 1601,leaf,

1 1164,leaf,

1 56,non-leaf,

1 329,leaf,

1 5487,leaf,

1 3155,non-leaf,

1 3957,leaf,

1 5427,leaf,

1 4493,leaf,

1 4182,leaf,

1 601,leaf,

1 5443,non-leaf,

1 684,leaf,

1 1575,leaf,

1 378,non-leaf,

1 2369,leaf,

1 4291,leaf,

1 2351,leaf,

1 499,leaf,

1 1798,leaf,

1 4616,leaf,

1 5755,non-leaf,

1 2213,leaf,

1 5934,leaf,

1 3456,non-leaf,

1 5577,leaf,

1 3287,leaf,

1 1631,leaf,

1 2394,leaf,

1 3750,leaf,

1 4562,leaf,

1 4072,leaf,

1 1078,leaf,

1 5992,leaf,

1 3184,leaf,

1 3151,leaf,

1 2469,leaf,

1 2426,leaf,

1 5489,leaf,

1 923,leaf,

1 2416,leaf,

1 1462,leaf,

1 5132,leaf,

1 3726,leaf,

1 4335,leaf,

1 765,leaf,

1 4183,leaf,

1 2205,leaf,

1 5336,leaf,

1 5106,leaf,

1 2840,leaf,

1 4742,leaf,

1 2260,leaf,

1 1495,leaf,

1 844,non-leaf,

1 4557,leaf,

1 994,leaf,

1 1023,leaf,

1 1574,leaf,

1 685,leaf,

1 4775,leaf,

1 3837,leaf,

1 76,leaf,

1 301,leaf,

1 2339,leaf,

1 2241,leaf,

1 1510,non-leaf,

1 2268,leaf,

1 851,leaf,

1 3450,leaf,

1 2193,leaf,

1 2086,leaf,

1 5894,leaf,

1 2261,leaf,

1 1419,leaf,

1 3874,leaf,

1 5368,leaf,

1 1788,non-leaf,

1 6086,leaf,

1 4245,leaf,

1 2677,leaf,

1 1287,leaf,

1 1141,leaf,

1 6146,leaf,

1 3492,leaf,

1 1416,leaf,

1 2981,leaf,

1 808,leaf,

1 877,non-leaf,

1 1532,non-leaf,

1 332,leaf,

1 3385,leaf,

1 5833,non-leaf,

1 1566,non-leaf,

1 5857,leaf,

1 569,leaf,

1 2813,leaf,

1 5632,leaf,

1 3637,leaf,

1 4621,leaf,

1 4617,leaf,

1 149,leaf,

1 5467,leaf,

1 1715,leaf,

1 3072,leaf,

1 5116,leaf,

1 99,leaf,

1 5901,leaf,

1 4125,leaf,

1 1013,leaf,

1 2156,leaf,

1 1352,leaf,

1 463,leaf,

1 4079,leaf,

1 3128,leaf,

1 260,leaf,

1 11,leaf,

1 2340,leaf,

1 1485,leaf,

1 5211,leaf,

1 3763,leaf,

1 5043,leaf,

1 705,leaf,

1 934,leaf,

1 4001,leaf,

1 2365,leaf,

1 5323,leaf,

1 467,non-leaf,

1 2199,leaf,

1 4128,leaf,

1 1417,leaf,

1 5137,leaf,

1 4721,leaf,

1 5121,leaf,

1 5059,leaf,

1 1370,leaf,

1 2334,non-leaf,

1 1758,leaf,

1 1101,leaf,

1 3227,leaf,

1 105,leaf,

1 724,leaf,

1 1816,leaf,

1 4646,leaf,

1 5731,leaf,

1 239,leaf,

1 1607,leaf,

1 5966,non-leaf,

1 5789,non-leaf,

1 930,leaf,

1 6044,non-leaf,

1 4308,leaf,

1 2022,leaf,

1 4425,leaf,

1 2642,leaf,

1 1084,leaf,

1 1001,leaf,

1 6045,leaf,

1 950,leaf,

1 5804,leaf,

1 3313,leaf,

1 2168,leaf,

1 456,non-leaf,

1 5769,leaf,

1 501,leaf,

1 3584,leaf,

1 1405,leaf,

1 774,leaf,

1 742,leaf,

1 526,leaf,

1 4228,leaf,

1 4078,leaf,

1 1980,leaf,

1 3357,leaf,

1 3374,leaf,

1 5207,leaf,

1 2107,leaf,

1 4746,leaf,

1 1271,leaf,

1 614,leaf,

1 564,leaf,

1 3904,leaf,

1 4309,leaf,

1 3274,leaf,

1 3800,non-leaf,

1 2599,leaf,

1 2073,leaf,

1 1941,leaf,

1 201,leaf,

1 2797,leaf,

1 3600,non-leaf,

1 5715,leaf,

1 2458,leaf,

1 2040,leaf,

1 505,leaf,

1 5054,leaf,

1 2018,leaf,

1 5953,leaf,

1 4328,leaf,

1 6165,leaf,

1 2975,leaf,

1 3413,leaf,

1 1525,leaf,

1 2561,leaf,

1 6162,leaf,

1 1519,leaf,

1 4448,leaf,

1 482,leaf,

1 2760,leaf,

1 2572,leaf,

1 4438,leaf,

1 192,leaf,

1 1402,leaf,

1 2694,leaf,

1 6127,leaf,

1 6104,leaf,

1 247,leaf,

1 5000,non-leaf,

1 1869,leaf,

1 309,leaf,

1 319,leaf,

1 4486,leaf,

1 2077,leaf,

1 4990,leaf,

1 4836,leaf,

1 4882,leaf,

1 5629,leaf,

1 5924,leaf,

1 1742,leaf,

1 2836,leaf,

1 4876,leaf,

1 3990,leaf,

1 95,leaf,

1 901,leaf,

1 2519,leaf,

1 4811,non-leaf,

1 4384,leaf,

1 5664,leaf,

1 4258,leaf,

1 894,leaf,

1 979,leaf,

1 5756,leaf,

1 2933,non-leaf,

1 6076,leaf,

1 1034,leaf,

1 6092,leaf,

1 4395,leaf,

1 777,non-leaf,

1 2650,leaf,

1 5514,leaf,

1 4157,leaf,

1 5076,leaf,

1 1048,leaf,

1 3597,leaf,

1 1953,leaf,

1 5787,leaf,

1 6079,leaf,

1 5071,leaf,

1 2536,leaf,

1 4005,leaf,

1 1154,leaf,

1 779,leaf,

1 543,leaf,

1 5430,leaf,

1 3576,leaf,

1 4333,non-leaf,

1 2160,leaf,

1 5636,leaf,

1 1262,leaf,

1 661,leaf,

1 2177,leaf,

1 5834,leaf,

1 3921,leaf,

1 516,leaf,

1 1535,leaf,

1 2226,leaf,

1 4121,leaf,

1 1476,leaf,

1 4363,leaf,

1 1600,leaf,

1 5169,leaf,

1 2423,leaf,

1 162,leaf,

1 2445,non-leaf,

1 2747,leaf,

1 397,leaf,

1 2651,leaf,

1 4854,leaf,

1 1979,leaf,

1 2295,leaf,

1 361,leaf,

1 1680,leaf,

1 1238,leaf,

1 373,leaf,

1 5959,leaf,

1 5101,leaf,

1 2114,leaf,

1 6078,leaf,

1 5297,leaf,

1 577,leaf,

1 346,leaf,

1 5666,non-leaf,

1 4663,leaf,

1 2448,leaf,

1 5892,leaf,

1 2060,leaf,

1 4215,leaf,

1 5111,non-leaf,

1 5658,leaf,

1 1858,leaf,

1 1848,leaf,

1 5682,leaf,

1 2404,leaf,

1 304,leaf,

1 902,leaf,

1 4760,leaf,

1 31,leaf,

1 3270,leaf,

1 5527,leaf,

1 5383,leaf,

1 3052,leaf,

1 4513,leaf,

1 2686,leaf,

1 43,leaf,

1 1751,leaf,

1 1933,leaf,

1 365,leaf,

1 1743,non-leaf,

1 4890,leaf,

1 4506,leaf,

1 4413,leaf,

1 977,non-leaf,

1 4238,leaf,

1 3484,leaf,

1 2897,leaf,

1 679,leaf,

1 453,leaf,

1 954,leaf,

1 1051,leaf,

1 2253,leaf,

1 4140,leaf,

1 1052,leaf,

1 576,leaf,

1 2507,leaf,

1 3459,leaf,

1 858,leaf,

1 3644,non-leaf,

1 3281,leaf,

1 6150,leaf,

1 5135,leaf,

1 1121,leaf,

1 2223,non-leaf,

1 6033,non-leaf,

1 588,leaf,

1 2861,leaf,

1 3824,leaf,

1 5435,leaf,

1 729,leaf,

1 5773,leaf,

1 4987,leaf,

1 4755,non-leaf,

1 3390,leaf,

1 4718,leaf,

1 1756,leaf,

1 2772,leaf,

1 3564,leaf,

1 1211,leaf,

1 634,leaf,

1 1554,non-leaf,

1 799,leaf,

1 4875,leaf,

1 5044,non-leaf,

1 1534,leaf,

1 645,leaf,

1 2503,leaf,

1 4703,leaf,

1 2668,leaf,

1 4259,leaf,

1 1521,non-leaf,

1 1710,non-leaf,

1 3225,leaf,

1 5737,leaf,

1 4033,non-leaf,

1 4952,leaf,

1 5714,leaf,

1 5535,leaf,

1 3698,leaf,

1 1506,leaf,

1 919,leaf,

1 547,leaf,

1 700,non-leaf,

1 3688,leaf,

1 1361,leaf,

1 1599,non-leaf,

1 2125,leaf,

1 2393,leaf,

1 4528,leaf,

1 3372,leaf,

1 4027,leaf,

1 3142,leaf,

1 1028,leaf,

1 4676,leaf,

1 4598,leaf,

1 3121,leaf,

1 5550,leaf,

1 1067,leaf,

1 1672,leaf,

1 3526,leaf,

1 4530,leaf,

1 1598,leaf,

1 3621,leaf,

1 3743,leaf,

1 5625,leaf,

1 376,leaf,

1 1842,leaf,

1 3325,leaf,

1 760,leaf,

1 5846,leaf,

1 1139,leaf,

1 1201,leaf,

1 5006,leaf,

1 1376,leaf,

1 407,leaf,

1 2035,leaf,

1 2370,leaf,

1 1991,leaf,

1 137,leaf,

1 993,leaf,

1 2244,leaf,

1 667,non-leaf,

1 3491,leaf,

1 1008,leaf,

1 5947,leaf,

1 317,leaf,

1 2964,leaf,

1 590,leaf,

1 3276,leaf,

1 5654,leaf,

1 2903,leaf,

1 179,leaf,

1 3677,leaf,

1 3284,leaf,

1 1675,leaf,

1 2457,leaf,

1 846,leaf,

1 3461,leaf,

1 530,leaf,

1 1174,leaf,

1 2108,leaf,

1 3894,leaf,

1 5519,leaf,

1 2240,leaf,

1 4226,leaf,

1 5019,leaf,

1 3733,non-leaf,

1 4040,leaf,

1 1835,leaf,

1 1763,leaf,

1 2124,leaf,

1 1443,non-leaf,

1 3045,leaf,

1 2514,leaf,

1 5637,leaf,

1 3730,leaf,

1 3042,leaf,

1 2714,leaf,

1 6125,leaf,

1 5309,leaf,

1 4517,leaf,

1 3934,leaf,

1 2554,leaf,

1 2154,non-leaf,

1 4919,leaf,

1 2331,leaf,

1 316,leaf,

1 2002,leaf,

1 2814,leaf,

1 3007,leaf,

1 3024,leaf,

1 4349,leaf,

1 55,leaf,

1 2996,leaf,

1 3328,leaf,

1 5133,non-leaf,

1 3358,leaf,

1 6054,leaf,

1 5081,leaf,

1 4230,leaf,

1 3682,leaf,

1 5785,leaf,

1 2248,leaf,

1 2135,leaf,

1 6110,non-leaf,

1 1523,leaf,

1 5649,leaf,

1 4983,leaf,

1 14,leaf,

1 3893,leaf,

1 3119,leaf,

1 3094,leaf,

1 3754,leaf,

1 1313,leaf,

1 3074,leaf,

1 474,leaf,

1 3172,leaf,

1 5407,leaf,

1 4536,leaf,

1 2790,leaf,

1 2867,leaf,

1 5001,leaf,

1 5119,leaf,

1 1277,non-leaf,

1 1368,leaf,

1 4310,non-leaf,

1 327,leaf,

1 1907,leaf,

1 183,leaf,

1 4452,leaf,

1 2306,leaf,

1 1864,leaf,

1 1097,leaf,

1 2539,leaf,

1 6070,leaf,

1 3153,leaf,

1 2313,leaf,

1 2411,non-leaf,

1 3302,leaf,

1 880,leaf,

1 5886,leaf,

1 3877,non-leaf,

1 3305,leaf,

1 2471,leaf,

1 1060,leaf,

1 4904,leaf,

1 4709,leaf,

1 2271,leaf,

1 2557,leaf,

1 5244,non-leaf,

1 2147,leaf,

1 773,leaf,

1 5439,leaf,

1 2320,leaf,

1 1369,leaf,

1 992,leaf,

1 2529,leaf,

1 2578,non-leaf,

1 2121,non-leaf,

1 509,leaf,

1 4081,leaf,

1 1981,leaf,

1 4353,leaf,

1 2563,leaf,

1 3845,leaf,

1 6010,leaf,

1 933,non-leaf,

1 1557,leaf,

1 350,leaf,

1 2429,leaf,

1 1230,leaf,

1 941,leaf,

1 1686,leaf,

1 644,non-leaf,

1 673,leaf,

1 5363,leaf,

1 5940,leaf,

1 1356,leaf,

1 4950,leaf,

1 1326,leaf,

1 272,leaf,

1 2962,leaf,

1 5238,leaf,

1 5228,leaf,

1 4481,leaf,

1 4571,leaf,

1 110,leaf,

1 2874,leaf,

1 3591,leaf,

1 4099,non-leaf,

1 3070,leaf,

1 4015,leaf,

1 4210,non-leaf,

1 2815,leaf,

1 5281,leaf,

1 2270,leaf,

1 4378,leaf,

1 374,leaf,

1 5745,leaf,

1 3959,leaf,

1 3556,non-leaf,

1 911,non-leaf,

1 2592,leaf,

1 5905,leaf,

1 1990,leaf,

1 2272,leaf,

1 20,leaf,

1 5182,leaf,

1 2948,leaf,

1 5004,leaf,

1 598,leaf,

1 202,leaf,

1 17,leaf,

1 2602,leaf,

1 4047,leaf,

1 3804,leaf,

1 2826,leaf,

1 5300,leaf,

1 955,non-leaf,

1 1666,non-leaf,

1 4808,leaf,

1 4540,leaf,

1 2224,leaf,

1 3140,leaf,

1 187,leaf,

1 5695,leaf,

1 3265,leaf,

1 5258,leaf,

1 3724,leaf,

1 4879,leaf,

1 1378,leaf,

1 409,leaf,

1 4798,leaf,

1 3397,leaf,

1 3914,leaf,

1 1494,leaf,

1 2620,leaf,

1 1969,leaf,

1 2992,leaf,

1 3338,leaf,

1 4680,leaf,

1 5405,leaf,

1 1768,leaf,

1 1000,non-leaf,

1 4804,leaf,

1 1079,leaf,

1 269,leaf,

1 116,leaf,

1 2118,leaf,

1 1275,leaf,

1 610,leaf,

1 2516,leaf,

1 620,leaf,

1 1223,leaf,

1 5993,leaf,

1 3232,leaf,

1 6091,leaf,

1 4654,leaf,

1 4188,non-leaf,

1 6083,leaf,

1 4168,leaf,

1 333,non-leaf,

1 3675,leaf,

1 2917,leaf,

1 1258,leaf,

1 1347,leaf,

1 4390,leaf,

1 3355,leaf,

1 4179,leaf,

1 4136,leaf,

1 5748,leaf,

1 5299,non-leaf,

1 772,leaf,

1 5105,leaf,

1 5738,leaf,

1 5146,leaf,

1 4771,leaf,

1 77,leaf,

1 4692,leaf,

1 2269,leaf,

1 150,leaf,

1 5840,leaf,

1 3545,leaf,

1 1932,non-leaf,

1 2028,leaf,

1 1738,leaf,

1 3317,leaf,

1 2786,leaf,

1 2959,leaf,

1 5936,leaf,

1 3736,leaf,

1 4111,non-leaf,

1 2428,leaf,

1 251,leaf,

1 215,leaf,

1 4087,leaf,

1 5939,leaf,

1 5026,leaf,

1 4607,leaf,

1 2329,leaf,

1 3005,leaf,

1 3332,non-leaf,

1 5102,leaf,

1 2087,non-leaf,

1 4260,leaf,

1 1847,leaf,

1 3291,leaf,

1 4035,leaf,

1 5342,leaf,

1 4856,leaf,

1 2479,leaf,

1 3782,leaf,

1 2412,leaf,

1 4192,leaf,

1 4401,leaf,

1 4941,leaf,

1 1714,leaf,

1 3331,leaf,

1 1385,leaf,

1 4431,leaf,

1 5762,leaf,

1 1150,leaf,

1 1160,leaf,

1 3557,leaf,

1 3066,non-leaf,

1 5765,leaf,

1 1312,leaf,

1 3427,leaf,

1 3561,leaf,

1 49,leaf,

1 486,leaf,

1 5559,leaf,

1 665,leaf,

1 2323,leaf,

1 5707,leaf,

1 4767,leaf,

1 3717,leaf,

1 1202,leaf,

1 4293,leaf,

1 5938,leaf,

1 4785,leaf,

1 6001,leaf,

1 5109,leaf,

1 3674,leaf,

1 3588,leaf,

1 3623,leaf,

1 3224,leaf,

1 4537,leaf,

1 1242,leaf,

1 1794,leaf,

1 1321,non-leaf,

1 5180,leaf,

1 5783,leaf,

1 2348,leaf,

1 1936,leaf,

1 4977,non-leaf,

1 91,leaf,

1 4901,leaf,

1 5042,leaf,

1 5293,leaf,

1 3122,non-leaf,

1 1069,leaf,

1 3869,leaf,

1 3089,leaf,

1 3190,leaf,

1 472,leaf,

1 655,non-leaf,

1 559,leaf,

1 6115,leaf,

1 5457,leaf,

1 6025,leaf,

1 5110,non-leaf,

1 5047,leaf,

1 4365,leaf,

1 3687,leaf,

1 5051,leaf,

1 4821,leaf,

1 4112,leaf,

1 100,non-leaf,

1 5722,non-leaf,

1 4094,leaf,

1 1609,leaf,

1 3204,leaf,

1 5890,leaf,

1 4478,non-leaf,

1 2084,leaf,

1 3213,leaf,

1 3318,leaf,

1 3424,leaf,

1 1248,leaf,

1 2888,non-leaf,

1 5689,non-leaf,

1 5350,leaf,

1 4155,non-leaf,

1 835,leaf,

1 3474,leaf,

1 5668,leaf,

1 1231,leaf,

1 5190,leaf,

1 3464,leaf,

1 843,leaf,

1 3707,leaf,

1 2970,leaf,

1 5345,leaf,

1 498,leaf,

1 6000,non-leaf,

1 5188,non-leaf,

1 3237,leaf,

1 1125,leaf,

1 4020,leaf,

1 714,leaf,

1 249,leaf,

1 4803,leaf,

1 4288,non-leaf,

1 5068,leaf,

1 5027,leaf,

1 4779,leaf,

1 2993,leaf,

1 50,leaf,

1 1315,leaf,

1 1657,leaf,

1 3722,non-leaf,

1 1630,leaf,

1 1720,leaf,

1 4132,leaf,

1 5758,leaf,

1 1115,leaf,

1 264,leaf,

